mode: set
github.com/satorunooshie/swipe-shukatu/pkg/errors/error_api.go:10.46,12.17 2 1
github.com/satorunooshie/swipe-shukatu/pkg/errors/error_api.go:15.2,15.17 1 1
github.com/satorunooshie/swipe-shukatu/pkg/errors/error_api.go:12.17,14.3 1 0
github.com/satorunooshie/swipe-shukatu/pkg/errors/error_api.go:18.72,20.2 1 0
github.com/satorunooshie/swipe-shukatu/pkg/errors/error_api.go:22.58,24.17 2 1
github.com/satorunooshie/swipe-shukatu/pkg/errors/error_api.go:27.2,29.11 3 1
github.com/satorunooshie/swipe-shukatu/pkg/errors/error_api.go:24.17,26.3 1 0
github.com/satorunooshie/swipe-shukatu/pkg/errors/error_api.go:32.82,36.2 3 0
github.com/satorunooshie/swipe-shukatu/pkg/errors/error_api.go:38.59,41.2 2 0
github.com/satorunooshie/swipe-shukatu/pkg/errors/error_api.go:43.34,44.18 1 1
github.com/satorunooshie/swipe-shukatu/pkg/errors/error_api.go:47.2,47.45 1 0
github.com/satorunooshie/swipe-shukatu/pkg/errors/error_api.go:50.2,50.22 1 0
github.com/satorunooshie/swipe-shukatu/pkg/errors/error_api.go:44.18,46.3 1 1
github.com/satorunooshie/swipe-shukatu/pkg/errors/error_api.go:47.45,49.3 1 0
github.com/satorunooshie/swipe-shukatu/pkg/errors/error_api.go:53.33,54.19 1 0
github.com/satorunooshie/swipe-shukatu/pkg/errors/error_api.go:57.2,57.45 1 0
github.com/satorunooshie/swipe-shukatu/pkg/errors/error_api.go:60.2,60.39 1 0
github.com/satorunooshie/swipe-shukatu/pkg/errors/error_api.go:54.19,56.3 1 0
github.com/satorunooshie/swipe-shukatu/pkg/errors/error_api.go:57.45,59.3 1 0
github.com/satorunooshie/swipe-shukatu/pkg/errors/error_api.go:63.41,64.25 1 0
github.com/satorunooshie/swipe-shukatu/pkg/errors/error_api.go:67.2,67.45 1 0
github.com/satorunooshie/swipe-shukatu/pkg/errors/error_api.go:70.2,70.28 1 0
github.com/satorunooshie/swipe-shukatu/pkg/errors/error_api.go:64.25,66.3 1 0
github.com/satorunooshie/swipe-shukatu/pkg/errors/error_api.go:67.45,69.3 1 0
github.com/satorunooshie/swipe-shukatu/pkg/errors/error_api.go:73.41,75.2 1 0
github.com/satorunooshie/swipe-shukatu/pkg/errors/error_api.go:77.44,81.2 3 1
github.com/satorunooshie/swipe-shukatu/pkg/errors/error_api.go:83.41,88.2 1 1
github.com/satorunooshie/swipe-shukatu/pkg/errors/error_api.go:90.45,95.2 4 1
github.com/satorunooshie/swipe-shukatu/pkg/errors/error_api.go:98.47,103.2 4 0
github.com/satorunooshie/swipe-shukatu/pkg/errors/error_api.go:106.44,111.2 4 0
github.com/satorunooshie/swipe-shukatu/pkg/errors/error_api.go:114.43,119.2 4 0
github.com/satorunooshie/swipe-shukatu/pkg/errors/error_api.go:121.43,126.2 4 1
github.com/satorunooshie/swipe-shukatu/pkg/errors/error_api.go:128.54,133.2 4 1
github.com/satorunooshie/swipe-shukatu/pkg/errors/errors.go:23.35,25.17 2 0
github.com/satorunooshie/swipe-shukatu/pkg/errors/errors.go:28.2,28.19 1 0
github.com/satorunooshie/swipe-shukatu/pkg/errors/errors.go:34.2,34.23 1 0
github.com/satorunooshie/swipe-shukatu/pkg/errors/errors.go:25.17,27.3 1 0
github.com/satorunooshie/swipe-shukatu/pkg/errors/errors.go:28.19,29.22 1 0
github.com/satorunooshie/swipe-shukatu/pkg/errors/errors.go:32.3,32.19 1 0
github.com/satorunooshie/swipe-shukatu/pkg/errors/errors.go:29.22,31.4 1 0
github.com/satorunooshie/swipe-shukatu/pkg/errors/errors.go:37.39,38.38 1 0
github.com/satorunooshie/swipe-shukatu/pkg/errors/errors.go:41.2,41.14 1 0
github.com/satorunooshie/swipe-shukatu/pkg/errors/errors.go:38.38,40.3 1 0
github.com/satorunooshie/swipe-shukatu/pkg/errors/errors.go:44.35,46.2 1 0
github.com/satorunooshie/swipe-shukatu/pkg/errors/errors.go:48.48,50.2 1 0
github.com/satorunooshie/swipe-shukatu/pkg/errors/errors.go:52.57,54.19 2 0
github.com/satorunooshie/swipe-shukatu/pkg/errors/errors.go:57.2,57.18 1 0
github.com/satorunooshie/swipe-shukatu/pkg/errors/errors.go:60.2,60.21 1 0
github.com/satorunooshie/swipe-shukatu/pkg/errors/errors.go:63.2,63.22 1 0
github.com/satorunooshie/swipe-shukatu/pkg/errors/errors.go:69.2,71.15 3 0
github.com/satorunooshie/swipe-shukatu/pkg/errors/errors.go:54.19,56.3 1 0
github.com/satorunooshie/swipe-shukatu/pkg/errors/errors.go:57.18,59.3 1 0
github.com/satorunooshie/swipe-shukatu/pkg/errors/errors.go:60.21,62.3 1 0
github.com/satorunooshie/swipe-shukatu/pkg/errors/errors.go:63.22,64.14 1 0
github.com/satorunooshie/swipe-shukatu/pkg/errors/errors.go:67.3,67.40 1 0
github.com/satorunooshie/swipe-shukatu/pkg/errors/errors.go:64.14,66.4 1 0
github.com/satorunooshie/swipe-shukatu/pkg/errors/errors.go:74.65,75.19 1 0
github.com/satorunooshie/swipe-shukatu/pkg/errors/errors.go:78.2,79.10 2 0
github.com/satorunooshie/swipe-shukatu/pkg/errors/errors.go:75.19,77.3 1 0
github.com/satorunooshie/swipe-shukatu/pkg/errors/errors.go:82.29,84.2 1 0
github.com/satorunooshie/swipe-shukatu/pkg/errors/errors.go:86.58,88.2 1 0
github.com/satorunooshie/swipe-shukatu/pkg/errors/errors.go:90.44,91.16 1 0
github.com/satorunooshie/swipe-shukatu/pkg/errors/errors.go:95.2,96.17 2 0
github.com/satorunooshie/swipe-shukatu/pkg/errors/errors.go:99.2,101.10 3 0
github.com/satorunooshie/swipe-shukatu/pkg/errors/errors.go:91.16,93.3 1 0
github.com/satorunooshie/swipe-shukatu/pkg/errors/errors.go:96.17,98.3 1 0
github.com/satorunooshie/swipe-shukatu/pkg/errors/errors.go:104.68,108.2 3 0
github.com/satorunooshie/swipe-shukatu/pkg/errors/errors.go:111.38,112.16 1 0
github.com/satorunooshie/swipe-shukatu/pkg/errors/errors.go:115.2,116.17 2 0
github.com/satorunooshie/swipe-shukatu/pkg/errors/errors.go:119.2,119.12 1 0
github.com/satorunooshie/swipe-shukatu/pkg/errors/errors.go:112.16,114.3 1 0
github.com/satorunooshie/swipe-shukatu/pkg/errors/errors.go:116.17,118.3 1 0
github.com/satorunooshie/swipe-shukatu/pkg/errors/errors.go:122.45,124.2 1 0
github.com/satorunooshie/swipe-shukatu/pkg/errors/errors.go:126.33,131.2 4 0
github.com/satorunooshie/swipe-shukatu/pkg/errors/levels.go:17.37,20.2 2 1
github.com/satorunooshie/swipe-shukatu/pkg/errors/levels.go:22.40,25.2 2 1
github.com/satorunooshie/swipe-shukatu/pkg/errors/levels.go:27.36,30.2 2 1
github.com/satorunooshie/swipe-shukatu/pkg/errors/levels.go:32.36,35.2 2 1
github.com/satorunooshie/swipe-shukatu/pkg/errors/levels.go:37.35,39.2 1 1
github.com/satorunooshie/swipe-shukatu/pkg/errors/levels.go:41.38,43.2 1 1
github.com/satorunooshie/swipe-shukatu/pkg/errors/levels.go:45.34,47.2 1 1
github.com/satorunooshie/swipe-shukatu/pkg/errors/levels.go:49.34,51.2 1 1
github.com/satorunooshie/swipe-shukatu/pkg/errors/levels.go:53.45,54.19 1 1
github.com/satorunooshie/swipe-shukatu/pkg/errors/levels.go:57.2,58.17 2 0
github.com/satorunooshie/swipe-shukatu/pkg/errors/levels.go:62.2,62.27 1 0
github.com/satorunooshie/swipe-shukatu/pkg/errors/levels.go:54.19,56.3 1 1
github.com/satorunooshie/swipe-shukatu/pkg/errors/levels.go:58.17,60.3 1 0
github.com/satorunooshie/swipe-shukatu/pkg/errors/statuses.go:7.42,10.2 2 0
github.com/satorunooshie/swipe-shukatu/pkg/errors/statuses.go:12.44,15.2 2 0
github.com/satorunooshie/swipe-shukatu/pkg/errors/statuses.go:17.40,20.2 2 0
github.com/satorunooshie/swipe-shukatu/pkg/errors/statuses.go:22.51,25.2 2 0
github.com/satorunooshie/swipe-shukatu/pkg/infrastructure/mysql/repoimpl/nope_repoimpl.go:17.55,21.2 1 0
github.com/satorunooshie/swipe-shukatu/pkg/infrastructure/mysql/repoimpl/nope_repoimpl.go:25.91,27.16 2 0
github.com/satorunooshie/swipe-shukatu/pkg/infrastructure/mysql/repoimpl/nope_repoimpl.go:34.2,34.29 1 0
github.com/satorunooshie/swipe-shukatu/pkg/infrastructure/mysql/repoimpl/nope_repoimpl.go:27.16,28.27 1 0
github.com/satorunooshie/swipe-shukatu/pkg/infrastructure/mysql/repoimpl/nope_repoimpl.go:32.3,32.18 1 0
github.com/satorunooshie/swipe-shukatu/pkg/infrastructure/mysql/repoimpl/nope_repoimpl.go:28.27,31.4 2 0
github.com/satorunooshie/swipe-shukatu/pkg/infrastructure/mysql/repoimpl/nope_repoimpl.go:38.82,41.16 3 0
github.com/satorunooshie/swipe-shukatu/pkg/infrastructure/mysql/repoimpl/nope_repoimpl.go:44.2,45.67 2 0
github.com/satorunooshie/swipe-shukatu/pkg/infrastructure/mysql/repoimpl/nope_repoimpl.go:48.2,48.12 1 0
github.com/satorunooshie/swipe-shukatu/pkg/infrastructure/mysql/repoimpl/nope_repoimpl.go:41.16,43.3 1 0
github.com/satorunooshie/swipe-shukatu/pkg/infrastructure/mysql/repoimpl/nope_repoimpl.go:45.67,47.3 1 0
github.com/satorunooshie/swipe-shukatu/pkg/infrastructure/mysql/repoimpl/nope_repoimpl.go:52.82,54.16 2 0
github.com/satorunooshie/swipe-shukatu/pkg/infrastructure/mysql/repoimpl/nope_repoimpl.go:57.2,58.39 2 0
github.com/satorunooshie/swipe-shukatu/pkg/infrastructure/mysql/repoimpl/nope_repoimpl.go:61.2,61.12 1 0
github.com/satorunooshie/swipe-shukatu/pkg/infrastructure/mysql/repoimpl/nope_repoimpl.go:54.16,56.3 1 0
github.com/satorunooshie/swipe-shukatu/pkg/infrastructure/mysql/repoimpl/nope_repoimpl.go:58.39,60.3 1 0
github.com/satorunooshie/swipe-shukatu/pkg/infrastructure/mysql/repoimpl/nope_repoimpl.go:65.82,67.16 2 0
github.com/satorunooshie/swipe-shukatu/pkg/infrastructure/mysql/repoimpl/nope_repoimpl.go:70.2,71.39 2 0
github.com/satorunooshie/swipe-shukatu/pkg/infrastructure/mysql/repoimpl/nope_repoimpl.go:74.2,74.12 1 0
github.com/satorunooshie/swipe-shukatu/pkg/infrastructure/mysql/repoimpl/nope_repoimpl.go:67.16,69.3 1 0
github.com/satorunooshie/swipe-shukatu/pkg/infrastructure/mysql/repoimpl/nope_repoimpl.go:71.39,73.3 1 0
github.com/satorunooshie/swipe-shukatu/pkg/infrastructure/mysql/repoimpl/nope_repoimpl.go:78.60,80.18 2 0
github.com/satorunooshie/swipe-shukatu/pkg/infrastructure/mysql/repoimpl/nope_repoimpl.go:93.2,93.19 1 0
github.com/satorunooshie/swipe-shukatu/pkg/infrastructure/mysql/repoimpl/nope_repoimpl.go:80.18,88.17 3 0
github.com/satorunooshie/swipe-shukatu/pkg/infrastructure/mysql/repoimpl/nope_repoimpl.go:91.3,91.31 1 0
github.com/satorunooshie/swipe-shukatu/pkg/infrastructure/mysql/repoimpl/nope_repoimpl.go:88.17,90.4 1 0
github.com/satorunooshie/swipe-shukatu/pkg/infrastructure/mysql/repoimpl/recruit_repoimpl.go:17.64,21.2 1 1
github.com/satorunooshie/swipe-shukatu/pkg/infrastructure/mysql/repoimpl/recruit_repoimpl.go:24.91,26.16 2 0
github.com/satorunooshie/swipe-shukatu/pkg/infrastructure/mysql/repoimpl/recruit_repoimpl.go:29.2,29.32 1 0
github.com/satorunooshie/swipe-shukatu/pkg/infrastructure/mysql/repoimpl/recruit_repoimpl.go:26.16,28.3 1 0
github.com/satorunooshie/swipe-shukatu/pkg/infrastructure/mysql/repoimpl/recruit_repoimpl.go:33.117,41.16 4 1
github.com/satorunooshie/swipe-shukatu/pkg/infrastructure/mysql/repoimpl/recruit_repoimpl.go:48.2,48.16 1 1
github.com/satorunooshie/swipe-shukatu/pkg/infrastructure/mysql/repoimpl/recruit_repoimpl.go:41.16,42.27 1 1
github.com/satorunooshie/swipe-shukatu/pkg/infrastructure/mysql/repoimpl/recruit_repoimpl.go:46.3,46.18 1 1
github.com/satorunooshie/swipe-shukatu/pkg/infrastructure/mysql/repoimpl/recruit_repoimpl.go:42.27,45.4 2 1
github.com/satorunooshie/swipe-shukatu/pkg/infrastructure/mysql/repoimpl/recruit_repoimpl.go:52.94,54.16 2 0
github.com/satorunooshie/swipe-shukatu/pkg/infrastructure/mysql/repoimpl/recruit_repoimpl.go:57.2,57.39 1 0
github.com/satorunooshie/swipe-shukatu/pkg/infrastructure/mysql/repoimpl/recruit_repoimpl.go:60.2,60.12 1 0
github.com/satorunooshie/swipe-shukatu/pkg/infrastructure/mysql/repoimpl/recruit_repoimpl.go:54.16,56.3 1 0
github.com/satorunooshie/swipe-shukatu/pkg/infrastructure/mysql/repoimpl/recruit_repoimpl.go:57.39,59.3 1 0
github.com/satorunooshie/swipe-shukatu/pkg/infrastructure/mysql/repoimpl/recruit_repoimpl.go:64.94,66.16 2 0
github.com/satorunooshie/swipe-shukatu/pkg/infrastructure/mysql/repoimpl/recruit_repoimpl.go:69.2,69.39 1 0
github.com/satorunooshie/swipe-shukatu/pkg/infrastructure/mysql/repoimpl/recruit_repoimpl.go:72.2,72.12 1 0
github.com/satorunooshie/swipe-shukatu/pkg/infrastructure/mysql/repoimpl/recruit_repoimpl.go:66.16,68.3 1 0
github.com/satorunooshie/swipe-shukatu/pkg/infrastructure/mysql/repoimpl/recruit_repoimpl.go:69.39,71.3 1 0
github.com/satorunooshie/swipe-shukatu/pkg/infrastructure/mysql/repoimpl/recruit_repoimpl.go:76.94,78.16 2 0
github.com/satorunooshie/swipe-shukatu/pkg/infrastructure/mysql/repoimpl/recruit_repoimpl.go:81.2,81.39 1 0
github.com/satorunooshie/swipe-shukatu/pkg/infrastructure/mysql/repoimpl/recruit_repoimpl.go:84.2,84.12 1 0
github.com/satorunooshie/swipe-shukatu/pkg/infrastructure/mysql/repoimpl/recruit_repoimpl.go:78.16,80.3 1 0
github.com/satorunooshie/swipe-shukatu/pkg/infrastructure/mysql/repoimpl/recruit_repoimpl.go:81.39,83.3 1 0
github.com/satorunooshie/swipe-shukatu/pkg/infrastructure/mysql/repoimpl/recruit_repoimpl.go:88.69,90.18 2 0
github.com/satorunooshie/swipe-shukatu/pkg/infrastructure/mysql/repoimpl/recruit_repoimpl.go:100.2,100.22 1 0
github.com/satorunooshie/swipe-shukatu/pkg/infrastructure/mysql/repoimpl/recruit_repoimpl.go:90.18,95.17 3 0
github.com/satorunooshie/swipe-shukatu/pkg/infrastructure/mysql/repoimpl/recruit_repoimpl.go:98.3,98.39 1 0
github.com/satorunooshie/swipe-shukatu/pkg/infrastructure/mysql/repoimpl/recruit_repoimpl.go:95.17,97.4 1 0
github.com/satorunooshie/swipe-shukatu/pkg/infrastructure/mysql/repoimpl/superlike_repoimpl.go:17.70,21.2 1 0
github.com/satorunooshie/swipe-shukatu/pkg/infrastructure/mysql/repoimpl/superlike_repoimpl.go:25.111,27.16 2 0
github.com/satorunooshie/swipe-shukatu/pkg/infrastructure/mysql/repoimpl/superlike_repoimpl.go:34.2,34.34 1 0
github.com/satorunooshie/swipe-shukatu/pkg/infrastructure/mysql/repoimpl/superlike_repoimpl.go:27.16,28.27 1 0
github.com/satorunooshie/swipe-shukatu/pkg/infrastructure/mysql/repoimpl/superlike_repoimpl.go:32.3,32.18 1 0
github.com/satorunooshie/swipe-shukatu/pkg/infrastructure/mysql/repoimpl/superlike_repoimpl.go:28.27,31.4 2 0
github.com/satorunooshie/swipe-shukatu/pkg/infrastructure/mysql/repoimpl/superlike_repoimpl.go:38.102,41.16 3 0
github.com/satorunooshie/swipe-shukatu/pkg/infrastructure/mysql/repoimpl/superlike_repoimpl.go:44.2,45.67 2 0
github.com/satorunooshie/swipe-shukatu/pkg/infrastructure/mysql/repoimpl/superlike_repoimpl.go:48.2,48.12 1 0
github.com/satorunooshie/swipe-shukatu/pkg/infrastructure/mysql/repoimpl/superlike_repoimpl.go:41.16,43.3 1 0
github.com/satorunooshie/swipe-shukatu/pkg/infrastructure/mysql/repoimpl/superlike_repoimpl.go:45.67,47.3 1 0
github.com/satorunooshie/swipe-shukatu/pkg/infrastructure/mysql/repoimpl/superlike_repoimpl.go:52.102,54.16 2 0
github.com/satorunooshie/swipe-shukatu/pkg/infrastructure/mysql/repoimpl/superlike_repoimpl.go:57.2,58.39 2 0
github.com/satorunooshie/swipe-shukatu/pkg/infrastructure/mysql/repoimpl/superlike_repoimpl.go:61.2,61.12 1 0
github.com/satorunooshie/swipe-shukatu/pkg/infrastructure/mysql/repoimpl/superlike_repoimpl.go:54.16,56.3 1 0
github.com/satorunooshie/swipe-shukatu/pkg/infrastructure/mysql/repoimpl/superlike_repoimpl.go:58.39,60.3 1 0
github.com/satorunooshie/swipe-shukatu/pkg/infrastructure/mysql/repoimpl/superlike_repoimpl.go:65.102,67.16 2 0
github.com/satorunooshie/swipe-shukatu/pkg/infrastructure/mysql/repoimpl/superlike_repoimpl.go:70.2,71.39 2 0
github.com/satorunooshie/swipe-shukatu/pkg/infrastructure/mysql/repoimpl/superlike_repoimpl.go:74.2,74.12 1 0
github.com/satorunooshie/swipe-shukatu/pkg/infrastructure/mysql/repoimpl/superlike_repoimpl.go:67.16,69.3 1 0
github.com/satorunooshie/swipe-shukatu/pkg/infrastructure/mysql/repoimpl/superlike_repoimpl.go:71.39,73.3 1 0
github.com/satorunooshie/swipe-shukatu/pkg/infrastructure/mysql/repoimpl/superlike_repoimpl.go:78.75,80.18 2 0
github.com/satorunooshie/swipe-shukatu/pkg/infrastructure/mysql/repoimpl/superlike_repoimpl.go:93.2,93.24 1 0
github.com/satorunooshie/swipe-shukatu/pkg/infrastructure/mysql/repoimpl/superlike_repoimpl.go:80.18,88.17 3 0
github.com/satorunooshie/swipe-shukatu/pkg/infrastructure/mysql/repoimpl/superlike_repoimpl.go:91.3,91.46 1 0
github.com/satorunooshie/swipe-shukatu/pkg/infrastructure/mysql/repoimpl/superlike_repoimpl.go:88.17,90.4 1 0
github.com/satorunooshie/swipe-shukatu/pkg/infrastructure/mysql/repoimpl/user_repoimpl.go:16.55,20.2 1 0
github.com/satorunooshie/swipe-shukatu/pkg/infrastructure/mysql/repoimpl/user_repoimpl.go:23.90,26.2 2 0
github.com/satorunooshie/swipe-shukatu/pkg/infrastructure/mysql/repoimpl/user_repoimpl.go:29.82,31.16 2 0
github.com/satorunooshie/swipe-shukatu/pkg/infrastructure/mysql/repoimpl/user_repoimpl.go:34.2,34.39 1 0
github.com/satorunooshie/swipe-shukatu/pkg/infrastructure/mysql/repoimpl/user_repoimpl.go:37.2,37.12 1 0
github.com/satorunooshie/swipe-shukatu/pkg/infrastructure/mysql/repoimpl/user_repoimpl.go:31.16,33.3 1 0
github.com/satorunooshie/swipe-shukatu/pkg/infrastructure/mysql/repoimpl/user_repoimpl.go:34.39,36.3 1 0
github.com/satorunooshie/swipe-shukatu/pkg/infrastructure/mysql/repoimpl/user_repoimpl.go:41.82,43.16 2 0
github.com/satorunooshie/swipe-shukatu/pkg/infrastructure/mysql/repoimpl/user_repoimpl.go:46.2,46.39 1 0
github.com/satorunooshie/swipe-shukatu/pkg/infrastructure/mysql/repoimpl/user_repoimpl.go:49.2,49.12 1 0
github.com/satorunooshie/swipe-shukatu/pkg/infrastructure/mysql/repoimpl/user_repoimpl.go:43.16,45.3 1 0
github.com/satorunooshie/swipe-shukatu/pkg/infrastructure/mysql/repoimpl/user_repoimpl.go:46.39,48.3 1 0
github.com/satorunooshie/swipe-shukatu/pkg/infrastructure/mysql/repoimpl/user_repoimpl.go:53.82,55.16 2 0
github.com/satorunooshie/swipe-shukatu/pkg/infrastructure/mysql/repoimpl/user_repoimpl.go:58.2,58.39 1 0
github.com/satorunooshie/swipe-shukatu/pkg/infrastructure/mysql/repoimpl/user_repoimpl.go:61.2,61.12 1 0
github.com/satorunooshie/swipe-shukatu/pkg/infrastructure/mysql/repoimpl/user_repoimpl.go:55.16,57.3 1 0
github.com/satorunooshie/swipe-shukatu/pkg/infrastructure/mysql/repoimpl/user_repoimpl.go:58.39,60.3 1 0
github.com/satorunooshie/swipe-shukatu/pkg/infrastructure/mysql/repoimpl/user_repoimpl.go:66.60,68.18 2 0
github.com/satorunooshie/swipe-shukatu/pkg/infrastructure/mysql/repoimpl/user_repoimpl.go:78.2,78.19 1 0
github.com/satorunooshie/swipe-shukatu/pkg/infrastructure/mysql/repoimpl/user_repoimpl.go:68.18,73.17 3 0
github.com/satorunooshie/swipe-shukatu/pkg/infrastructure/mysql/repoimpl/user_repoimpl.go:76.3,76.30 1 0
github.com/satorunooshie/swipe-shukatu/pkg/infrastructure/mysql/repoimpl/user_repoimpl.go:73.17,75.4 1 0
github.com/satorunooshie/swipe-shukatu/pkg/infrastructure/mysql/repoimpl/user_repoimpl.go:81.55,83.137 2 0
github.com/satorunooshie/swipe-shukatu/pkg/infrastructure/mysql/repoimpl/user_repoimpl.go:86.2,86.19 1 0
github.com/satorunooshie/swipe-shukatu/pkg/infrastructure/mysql/repoimpl/user_repoimpl.go:83.137,85.3 1 0
github.com/satorunooshie/swipe-shukatu/pkg/infrastructure/mysql/repoimpl/job_repoimpl.go:17.52,21.2 1 1
github.com/satorunooshie/swipe-shukatu/pkg/infrastructure/mysql/repoimpl/job_repoimpl.go:24.75,26.16 2 1
github.com/satorunooshie/swipe-shukatu/pkg/infrastructure/mysql/repoimpl/job_repoimpl.go:33.2,33.28 1 1
github.com/satorunooshie/swipe-shukatu/pkg/infrastructure/mysql/repoimpl/job_repoimpl.go:26.16,27.27 1 1
github.com/satorunooshie/swipe-shukatu/pkg/infrastructure/mysql/repoimpl/job_repoimpl.go:31.3,31.18 1 1
github.com/satorunooshie/swipe-shukatu/pkg/infrastructure/mysql/repoimpl/job_repoimpl.go:27.27,30.4 2 1
github.com/satorunooshie/swipe-shukatu/pkg/infrastructure/mysql/repoimpl/job_repoimpl.go:37.78,39.16 2 0
github.com/satorunooshie/swipe-shukatu/pkg/infrastructure/mysql/repoimpl/job_repoimpl.go:42.2,42.39 1 0
github.com/satorunooshie/swipe-shukatu/pkg/infrastructure/mysql/repoimpl/job_repoimpl.go:45.2,45.12 1 0
github.com/satorunooshie/swipe-shukatu/pkg/infrastructure/mysql/repoimpl/job_repoimpl.go:39.16,41.3 1 0
github.com/satorunooshie/swipe-shukatu/pkg/infrastructure/mysql/repoimpl/job_repoimpl.go:42.39,44.3 1 0
github.com/satorunooshie/swipe-shukatu/pkg/infrastructure/mysql/repoimpl/job_repoimpl.go:49.78,51.16 2 0
github.com/satorunooshie/swipe-shukatu/pkg/infrastructure/mysql/repoimpl/job_repoimpl.go:54.2,54.39 1 0
github.com/satorunooshie/swipe-shukatu/pkg/infrastructure/mysql/repoimpl/job_repoimpl.go:57.2,57.12 1 0
github.com/satorunooshie/swipe-shukatu/pkg/infrastructure/mysql/repoimpl/job_repoimpl.go:51.16,53.3 1 0
github.com/satorunooshie/swipe-shukatu/pkg/infrastructure/mysql/repoimpl/job_repoimpl.go:54.39,56.3 1 0
github.com/satorunooshie/swipe-shukatu/pkg/infrastructure/mysql/repoimpl/job_repoimpl.go:61.78,63.16 2 0
github.com/satorunooshie/swipe-shukatu/pkg/infrastructure/mysql/repoimpl/job_repoimpl.go:66.2,66.39 1 0
github.com/satorunooshie/swipe-shukatu/pkg/infrastructure/mysql/repoimpl/job_repoimpl.go:69.2,69.12 1 0
github.com/satorunooshie/swipe-shukatu/pkg/infrastructure/mysql/repoimpl/job_repoimpl.go:63.16,65.3 1 0
github.com/satorunooshie/swipe-shukatu/pkg/infrastructure/mysql/repoimpl/job_repoimpl.go:66.39,68.3 1 0
github.com/satorunooshie/swipe-shukatu/pkg/infrastructure/mysql/repoimpl/job_repoimpl.go:73.57,75.18 2 1
github.com/satorunooshie/swipe-shukatu/pkg/infrastructure/mysql/repoimpl/job_repoimpl.go:83.2,83.18 1 1
github.com/satorunooshie/swipe-shukatu/pkg/infrastructure/mysql/repoimpl/job_repoimpl.go:75.18,78.17 3 1
github.com/satorunooshie/swipe-shukatu/pkg/infrastructure/mysql/repoimpl/job_repoimpl.go:81.3,81.28 1 1
github.com/satorunooshie/swipe-shukatu/pkg/infrastructure/mysql/repoimpl/job_repoimpl.go:78.17,80.4 1 0
github.com/satorunooshie/swipe-shukatu/pkg/infrastructure/mysql/repoimpl/like_repoimpl.go:17.55,21.2 1 0
github.com/satorunooshie/swipe-shukatu/pkg/infrastructure/mysql/repoimpl/like_repoimpl.go:25.91,27.16 2 0
github.com/satorunooshie/swipe-shukatu/pkg/infrastructure/mysql/repoimpl/like_repoimpl.go:34.2,34.29 1 0
github.com/satorunooshie/swipe-shukatu/pkg/infrastructure/mysql/repoimpl/like_repoimpl.go:27.16,28.27 1 0
github.com/satorunooshie/swipe-shukatu/pkg/infrastructure/mysql/repoimpl/like_repoimpl.go:32.3,32.18 1 0
github.com/satorunooshie/swipe-shukatu/pkg/infrastructure/mysql/repoimpl/like_repoimpl.go:28.27,31.4 2 0
github.com/satorunooshie/swipe-shukatu/pkg/infrastructure/mysql/repoimpl/like_repoimpl.go:38.94,41.16 3 0
github.com/satorunooshie/swipe-shukatu/pkg/infrastructure/mysql/repoimpl/like_repoimpl.go:44.2,45.60 2 0
github.com/satorunooshie/swipe-shukatu/pkg/infrastructure/mysql/repoimpl/like_repoimpl.go:48.2,48.12 1 0
github.com/satorunooshie/swipe-shukatu/pkg/infrastructure/mysql/repoimpl/like_repoimpl.go:41.16,43.3 1 0
github.com/satorunooshie/swipe-shukatu/pkg/infrastructure/mysql/repoimpl/like_repoimpl.go:45.60,47.3 1 0
github.com/satorunooshie/swipe-shukatu/pkg/infrastructure/mysql/repoimpl/like_repoimpl.go:52.82,54.16 2 0
github.com/satorunooshie/swipe-shukatu/pkg/infrastructure/mysql/repoimpl/like_repoimpl.go:57.2,58.39 2 0
github.com/satorunooshie/swipe-shukatu/pkg/infrastructure/mysql/repoimpl/like_repoimpl.go:61.2,61.12 1 0
github.com/satorunooshie/swipe-shukatu/pkg/infrastructure/mysql/repoimpl/like_repoimpl.go:54.16,56.3 1 0
github.com/satorunooshie/swipe-shukatu/pkg/infrastructure/mysql/repoimpl/like_repoimpl.go:58.39,60.3 1 0
github.com/satorunooshie/swipe-shukatu/pkg/infrastructure/mysql/repoimpl/like_repoimpl.go:65.82,67.16 2 0
github.com/satorunooshie/swipe-shukatu/pkg/infrastructure/mysql/repoimpl/like_repoimpl.go:70.2,71.39 2 0
github.com/satorunooshie/swipe-shukatu/pkg/infrastructure/mysql/repoimpl/like_repoimpl.go:74.2,74.12 1 0
github.com/satorunooshie/swipe-shukatu/pkg/infrastructure/mysql/repoimpl/like_repoimpl.go:67.16,69.3 1 0
github.com/satorunooshie/swipe-shukatu/pkg/infrastructure/mysql/repoimpl/like_repoimpl.go:71.39,73.3 1 0
github.com/satorunooshie/swipe-shukatu/pkg/infrastructure/mysql/repoimpl/like_repoimpl.go:78.60,80.18 2 0
github.com/satorunooshie/swipe-shukatu/pkg/infrastructure/mysql/repoimpl/like_repoimpl.go:93.2,93.19 1 0
github.com/satorunooshie/swipe-shukatu/pkg/infrastructure/mysql/repoimpl/like_repoimpl.go:80.18,88.17 3 0
github.com/satorunooshie/swipe-shukatu/pkg/infrastructure/mysql/repoimpl/like_repoimpl.go:91.3,91.31 1 0
github.com/satorunooshie/swipe-shukatu/pkg/infrastructure/mysql/repoimpl/like_repoimpl.go:88.17,90.4 1 0
github.com/satorunooshie/swipe-shukatu/pkg/infrastructure/mysql/repoimpl/ltd_repoimpl.go:16.52,20.2 1 1
github.com/satorunooshie/swipe-shukatu/pkg/infrastructure/mysql/repoimpl/ltd_repoimpl.go:23.75,25.16 2 0
github.com/satorunooshie/swipe-shukatu/pkg/infrastructure/mysql/repoimpl/ltd_repoimpl.go:28.2,28.27 1 0
github.com/satorunooshie/swipe-shukatu/pkg/infrastructure/mysql/repoimpl/ltd_repoimpl.go:25.16,27.3 1 0
github.com/satorunooshie/swipe-shukatu/pkg/infrastructure/mysql/repoimpl/ltd_repoimpl.go:32.94,36.16 4 1
github.com/satorunooshie/swipe-shukatu/pkg/infrastructure/mysql/repoimpl/ltd_repoimpl.go:42.2,42.18 1 1
github.com/satorunooshie/swipe-shukatu/pkg/infrastructure/mysql/repoimpl/ltd_repoimpl.go:36.16,37.27 1 1
github.com/satorunooshie/swipe-shukatu/pkg/infrastructure/mysql/repoimpl/ltd_repoimpl.go:40.3,40.17 1 1
github.com/satorunooshie/swipe-shukatu/pkg/infrastructure/mysql/repoimpl/ltd_repoimpl.go:37.27,39.4 1 1
github.com/satorunooshie/swipe-shukatu/pkg/infrastructure/mysql/repoimpl/ltd_repoimpl.go:46.78,48.16 2 0
github.com/satorunooshie/swipe-shukatu/pkg/infrastructure/mysql/repoimpl/ltd_repoimpl.go:51.2,51.39 1 0
github.com/satorunooshie/swipe-shukatu/pkg/infrastructure/mysql/repoimpl/ltd_repoimpl.go:54.2,54.12 1 0
github.com/satorunooshie/swipe-shukatu/pkg/infrastructure/mysql/repoimpl/ltd_repoimpl.go:48.16,50.3 1 0
github.com/satorunooshie/swipe-shukatu/pkg/infrastructure/mysql/repoimpl/ltd_repoimpl.go:51.39,53.3 1 0
github.com/satorunooshie/swipe-shukatu/pkg/infrastructure/mysql/repoimpl/ltd_repoimpl.go:58.78,60.16 2 0
github.com/satorunooshie/swipe-shukatu/pkg/infrastructure/mysql/repoimpl/ltd_repoimpl.go:63.2,63.39 1 0
github.com/satorunooshie/swipe-shukatu/pkg/infrastructure/mysql/repoimpl/ltd_repoimpl.go:66.2,66.12 1 0
github.com/satorunooshie/swipe-shukatu/pkg/infrastructure/mysql/repoimpl/ltd_repoimpl.go:60.16,62.3 1 0
github.com/satorunooshie/swipe-shukatu/pkg/infrastructure/mysql/repoimpl/ltd_repoimpl.go:63.39,65.3 1 0
github.com/satorunooshie/swipe-shukatu/pkg/infrastructure/mysql/repoimpl/ltd_repoimpl.go:70.78,72.16 2 0
github.com/satorunooshie/swipe-shukatu/pkg/infrastructure/mysql/repoimpl/ltd_repoimpl.go:75.2,75.39 1 0
github.com/satorunooshie/swipe-shukatu/pkg/infrastructure/mysql/repoimpl/ltd_repoimpl.go:78.2,78.12 1 0
github.com/satorunooshie/swipe-shukatu/pkg/infrastructure/mysql/repoimpl/ltd_repoimpl.go:72.16,74.3 1 0
github.com/satorunooshie/swipe-shukatu/pkg/infrastructure/mysql/repoimpl/ltd_repoimpl.go:75.39,77.3 1 0
github.com/satorunooshie/swipe-shukatu/pkg/infrastructure/mysql/repoimpl/ltd_repoimpl.go:82.56,84.18 2 0
github.com/satorunooshie/swipe-shukatu/pkg/infrastructure/mysql/repoimpl/ltd_repoimpl.go:94.2,94.18 1 0
github.com/satorunooshie/swipe-shukatu/pkg/infrastructure/mysql/repoimpl/ltd_repoimpl.go:84.18,89.17 3 0
github.com/satorunooshie/swipe-shukatu/pkg/infrastructure/mysql/repoimpl/ltd_repoimpl.go:92.3,92.27 1 0
github.com/satorunooshie/swipe-shukatu/pkg/infrastructure/mysql/repoimpl/ltd_repoimpl.go:89.17,91.4 1 0
github.com/satorunooshie/swipe-shukatu/pkg/infrastructure/mysql/repoimpl/message_repoimpl.go:17.64,21.2 1 1
github.com/satorunooshie/swipe-shukatu/pkg/infrastructure/mysql/repoimpl/message_repoimpl.go:24.102,26.16 2 1
github.com/satorunooshie/swipe-shukatu/pkg/infrastructure/mysql/repoimpl/message_repoimpl.go:33.2,33.32 1 1
github.com/satorunooshie/swipe-shukatu/pkg/infrastructure/mysql/repoimpl/message_repoimpl.go:26.16,27.27 1 1
github.com/satorunooshie/swipe-shukatu/pkg/infrastructure/mysql/repoimpl/message_repoimpl.go:31.3,31.18 1 1
github.com/satorunooshie/swipe-shukatu/pkg/infrastructure/mysql/repoimpl/message_repoimpl.go:27.27,30.4 2 1
github.com/satorunooshie/swipe-shukatu/pkg/infrastructure/mysql/repoimpl/message_repoimpl.go:37.94,39.16 2 0
github.com/satorunooshie/swipe-shukatu/pkg/infrastructure/mysql/repoimpl/message_repoimpl.go:42.2,42.39 1 0
github.com/satorunooshie/swipe-shukatu/pkg/infrastructure/mysql/repoimpl/message_repoimpl.go:45.2,45.12 1 0
github.com/satorunooshie/swipe-shukatu/pkg/infrastructure/mysql/repoimpl/message_repoimpl.go:39.16,41.3 1 0
github.com/satorunooshie/swipe-shukatu/pkg/infrastructure/mysql/repoimpl/message_repoimpl.go:42.39,44.3 1 0
github.com/satorunooshie/swipe-shukatu/pkg/infrastructure/mysql/repoimpl/message_repoimpl.go:49.94,51.16 2 0
github.com/satorunooshie/swipe-shukatu/pkg/infrastructure/mysql/repoimpl/message_repoimpl.go:54.2,54.39 1 0
github.com/satorunooshie/swipe-shukatu/pkg/infrastructure/mysql/repoimpl/message_repoimpl.go:57.2,57.12 1 0
github.com/satorunooshie/swipe-shukatu/pkg/infrastructure/mysql/repoimpl/message_repoimpl.go:51.16,53.3 1 0
github.com/satorunooshie/swipe-shukatu/pkg/infrastructure/mysql/repoimpl/message_repoimpl.go:54.39,56.3 1 0
github.com/satorunooshie/swipe-shukatu/pkg/infrastructure/mysql/repoimpl/message_repoimpl.go:61.94,63.16 2 0
github.com/satorunooshie/swipe-shukatu/pkg/infrastructure/mysql/repoimpl/message_repoimpl.go:66.2,66.39 1 0
github.com/satorunooshie/swipe-shukatu/pkg/infrastructure/mysql/repoimpl/message_repoimpl.go:69.2,69.12 1 0
github.com/satorunooshie/swipe-shukatu/pkg/infrastructure/mysql/repoimpl/message_repoimpl.go:63.16,65.3 1 0
github.com/satorunooshie/swipe-shukatu/pkg/infrastructure/mysql/repoimpl/message_repoimpl.go:66.39,68.3 1 0
github.com/satorunooshie/swipe-shukatu/pkg/infrastructure/mysql/repoimpl/message_repoimpl.go:73.69,75.18 2 1
github.com/satorunooshie/swipe-shukatu/pkg/infrastructure/mysql/repoimpl/message_repoimpl.go:87.2,87.22 1 1
github.com/satorunooshie/swipe-shukatu/pkg/infrastructure/mysql/repoimpl/message_repoimpl.go:75.18,82.17 3 1
github.com/satorunooshie/swipe-shukatu/pkg/infrastructure/mysql/repoimpl/message_repoimpl.go:85.3,85.40 1 1
github.com/satorunooshie/swipe-shukatu/pkg/infrastructure/mysql/repoimpl/message_repoimpl.go:82.17,84.4 1 0
github.com/satorunooshie/swipe-shukatu/pkg/interfaces/handler/nope_handler.go:28.58,32.2 1 0
github.com/satorunooshie/swipe-shukatu/pkg/interfaces/handler/nope_handler.go:35.59,36.65 1 0
github.com/satorunooshie/swipe-shukatu/pkg/interfaces/handler/nope_handler.go:36.65,42.17 6 0
github.com/satorunooshie/swipe-shukatu/pkg/interfaces/handler/nope_handler.go:47.3,48.27 2 0
github.com/satorunooshie/swipe-shukatu/pkg/interfaces/handler/nope_handler.go:54.3,57.17 4 0
github.com/satorunooshie/swipe-shukatu/pkg/interfaces/handler/nope_handler.go:62.3,64.29 3 0
github.com/satorunooshie/swipe-shukatu/pkg/interfaces/handler/nope_handler.go:42.17,46.4 3 0
github.com/satorunooshie/swipe-shukatu/pkg/interfaces/handler/nope_handler.go:48.27,53.4 4 0
github.com/satorunooshie/swipe-shukatu/pkg/interfaces/handler/nope_handler.go:57.17,61.4 3 0
github.com/satorunooshie/swipe-shukatu/pkg/interfaces/handler/nope_handler.go:73.59,74.65 1 0
github.com/satorunooshie/swipe-shukatu/pkg/interfaces/handler/nope_handler.go:74.65,77.76 3 0
github.com/satorunooshie/swipe-shukatu/pkg/interfaces/handler/nope_handler.go:83.3,87.16 5 0
github.com/satorunooshie/swipe-shukatu/pkg/interfaces/handler/nope_handler.go:92.3,94.66 3 0
github.com/satorunooshie/swipe-shukatu/pkg/interfaces/handler/nope_handler.go:99.3,99.41 1 0
github.com/satorunooshie/swipe-shukatu/pkg/interfaces/handler/nope_handler.go:77.76,81.4 3 0
github.com/satorunooshie/swipe-shukatu/pkg/interfaces/handler/nope_handler.go:87.16,91.4 3 0
github.com/satorunooshie/swipe-shukatu/pkg/interfaces/handler/nope_handler.go:94.66,98.4 3 0
github.com/satorunooshie/swipe-shukatu/pkg/interfaces/handler/nope_handler.go:104.59,105.65 1 0
github.com/satorunooshie/swipe-shukatu/pkg/interfaces/handler/nope_handler.go:105.65,106.24 1 0
github.com/satorunooshie/swipe-shukatu/pkg/interfaces/handler/nope_handler.go:111.59,112.65 1 0
github.com/satorunooshie/swipe-shukatu/pkg/interfaces/handler/nope_handler.go:112.65,113.24 1 0
github.com/satorunooshie/swipe-shukatu/pkg/interfaces/handler/recruit_handler.go:22.73,26.2 1 0
github.com/satorunooshie/swipe-shukatu/pkg/interfaces/handler/recruit_handler.go:29.65,30.65 1 0
github.com/satorunooshie/swipe-shukatu/pkg/interfaces/handler/recruit_handler.go:30.65,31.24 1 0
github.com/satorunooshie/swipe-shukatu/pkg/interfaces/handler/recruit_handler.go:36.65,37.65 1 0
github.com/satorunooshie/swipe-shukatu/pkg/interfaces/handler/recruit_handler.go:37.65,38.24 1 0
github.com/satorunooshie/swipe-shukatu/pkg/interfaces/handler/recruit_handler.go:43.65,44.65 1 0
github.com/satorunooshie/swipe-shukatu/pkg/interfaces/handler/recruit_handler.go:44.65,45.24 1 0
github.com/satorunooshie/swipe-shukatu/pkg/interfaces/handler/recruit_handler.go:50.65,51.65 1 0
github.com/satorunooshie/swipe-shukatu/pkg/interfaces/handler/recruit_handler.go:51.65,52.24 1 0
github.com/satorunooshie/swipe-shukatu/pkg/interfaces/handler/superlike_handler.go:28.83,32.2 1 0
github.com/satorunooshie/swipe-shukatu/pkg/interfaces/handler/superlike_handler.go:35.69,36.65 1 0
github.com/satorunooshie/swipe-shukatu/pkg/interfaces/handler/superlike_handler.go:36.65,42.17 6 0
github.com/satorunooshie/swipe-shukatu/pkg/interfaces/handler/superlike_handler.go:47.3,48.32 2 0
github.com/satorunooshie/swipe-shukatu/pkg/interfaces/handler/superlike_handler.go:54.3,57.17 4 0
github.com/satorunooshie/swipe-shukatu/pkg/interfaces/handler/superlike_handler.go:62.3,64.29 3 0
github.com/satorunooshie/swipe-shukatu/pkg/interfaces/handler/superlike_handler.go:42.17,46.4 3 0
github.com/satorunooshie/swipe-shukatu/pkg/interfaces/handler/superlike_handler.go:48.32,53.4 4 0
github.com/satorunooshie/swipe-shukatu/pkg/interfaces/handler/superlike_handler.go:57.17,61.4 3 0
github.com/satorunooshie/swipe-shukatu/pkg/interfaces/handler/superlike_handler.go:73.69,74.65 1 0
github.com/satorunooshie/swipe-shukatu/pkg/interfaces/handler/superlike_handler.go:74.65,77.81 3 0
github.com/satorunooshie/swipe-shukatu/pkg/interfaces/handler/superlike_handler.go:83.3,87.16 5 0
github.com/satorunooshie/swipe-shukatu/pkg/interfaces/handler/superlike_handler.go:92.3,94.81 3 0
github.com/satorunooshie/swipe-shukatu/pkg/interfaces/handler/superlike_handler.go:99.3,99.41 1 0
github.com/satorunooshie/swipe-shukatu/pkg/interfaces/handler/superlike_handler.go:77.81,81.4 3 0
github.com/satorunooshie/swipe-shukatu/pkg/interfaces/handler/superlike_handler.go:87.16,91.4 3 0
github.com/satorunooshie/swipe-shukatu/pkg/interfaces/handler/superlike_handler.go:94.81,98.4 3 0
github.com/satorunooshie/swipe-shukatu/pkg/interfaces/handler/superlike_handler.go:104.69,105.65 1 0
github.com/satorunooshie/swipe-shukatu/pkg/interfaces/handler/superlike_handler.go:105.65,106.24 1 0
github.com/satorunooshie/swipe-shukatu/pkg/interfaces/handler/superlike_handler.go:111.69,112.65 1 0
github.com/satorunooshie/swipe-shukatu/pkg/interfaces/handler/superlike_handler.go:112.65,113.24 1 0
github.com/satorunooshie/swipe-shukatu/pkg/interfaces/handler/user_handler.go:22.58,26.2 1 0
github.com/satorunooshie/swipe-shukatu/pkg/interfaces/handler/user_handler.go:29.59,30.65 1 0
github.com/satorunooshie/swipe-shukatu/pkg/interfaces/handler/user_handler.go:30.65,31.24 1 0
github.com/satorunooshie/swipe-shukatu/pkg/interfaces/handler/user_handler.go:36.59,37.65 1 0
github.com/satorunooshie/swipe-shukatu/pkg/interfaces/handler/user_handler.go:37.65,38.24 1 0
github.com/satorunooshie/swipe-shukatu/pkg/interfaces/handler/user_handler.go:43.59,44.65 1 0
github.com/satorunooshie/swipe-shukatu/pkg/interfaces/handler/user_handler.go:44.65,45.24 1 0
github.com/satorunooshie/swipe-shukatu/pkg/interfaces/handler/user_handler.go:50.59,51.65 1 0
github.com/satorunooshie/swipe-shukatu/pkg/interfaces/handler/user_handler.go:51.65,52.24 1 0
github.com/satorunooshie/swipe-shukatu/pkg/interfaces/handler/job_handler.go:22.53,26.2 1 0
github.com/satorunooshie/swipe-shukatu/pkg/interfaces/handler/job_handler.go:29.57,30.65 1 0
github.com/satorunooshie/swipe-shukatu/pkg/interfaces/handler/job_handler.go:30.65,31.24 1 0
github.com/satorunooshie/swipe-shukatu/pkg/interfaces/handler/job_handler.go:36.57,37.65 1 0
github.com/satorunooshie/swipe-shukatu/pkg/interfaces/handler/job_handler.go:37.65,38.24 1 0
github.com/satorunooshie/swipe-shukatu/pkg/interfaces/handler/job_handler.go:43.57,44.65 1 0
github.com/satorunooshie/swipe-shukatu/pkg/interfaces/handler/job_handler.go:44.65,45.24 1 0
github.com/satorunooshie/swipe-shukatu/pkg/interfaces/handler/job_handler.go:50.57,51.65 1 0
github.com/satorunooshie/swipe-shukatu/pkg/interfaces/handler/job_handler.go:51.65,52.24 1 0
github.com/satorunooshie/swipe-shukatu/pkg/interfaces/handler/like_handler.go:28.58,32.2 1 0
github.com/satorunooshie/swipe-shukatu/pkg/interfaces/handler/like_handler.go:35.59,36.65 1 0
github.com/satorunooshie/swipe-shukatu/pkg/interfaces/handler/like_handler.go:36.65,42.17 6 0
github.com/satorunooshie/swipe-shukatu/pkg/interfaces/handler/like_handler.go:47.3,48.27 2 0
github.com/satorunooshie/swipe-shukatu/pkg/interfaces/handler/like_handler.go:54.3,57.17 4 0
github.com/satorunooshie/swipe-shukatu/pkg/interfaces/handler/like_handler.go:62.3,64.29 3 0
github.com/satorunooshie/swipe-shukatu/pkg/interfaces/handler/like_handler.go:42.17,46.4 3 0
github.com/satorunooshie/swipe-shukatu/pkg/interfaces/handler/like_handler.go:48.27,53.4 4 0
github.com/satorunooshie/swipe-shukatu/pkg/interfaces/handler/like_handler.go:57.17,61.4 3 0
github.com/satorunooshie/swipe-shukatu/pkg/interfaces/handler/like_handler.go:73.59,74.65 1 0
github.com/satorunooshie/swipe-shukatu/pkg/interfaces/handler/like_handler.go:74.65,77.76 3 0
github.com/satorunooshie/swipe-shukatu/pkg/interfaces/handler/like_handler.go:83.3,87.16 5 0
github.com/satorunooshie/swipe-shukatu/pkg/interfaces/handler/like_handler.go:92.3,95.17 4 0
github.com/satorunooshie/swipe-shukatu/pkg/interfaces/handler/like_handler.go:100.3,100.41 1 0
github.com/satorunooshie/swipe-shukatu/pkg/interfaces/handler/like_handler.go:77.76,81.4 3 0
github.com/satorunooshie/swipe-shukatu/pkg/interfaces/handler/like_handler.go:87.16,91.4 3 0
github.com/satorunooshie/swipe-shukatu/pkg/interfaces/handler/like_handler.go:95.17,99.4 3 0
github.com/satorunooshie/swipe-shukatu/pkg/interfaces/handler/like_handler.go:105.59,106.65 1 0
github.com/satorunooshie/swipe-shukatu/pkg/interfaces/handler/like_handler.go:106.65,107.24 1 0
github.com/satorunooshie/swipe-shukatu/pkg/interfaces/handler/like_handler.go:112.59,113.65 1 0
github.com/satorunooshie/swipe-shukatu/pkg/interfaces/handler/like_handler.go:113.65,114.24 1 0
github.com/satorunooshie/swipe-shukatu/pkg/interfaces/handler/ltd_handler.go:22.53,26.2 1 0
github.com/satorunooshie/swipe-shukatu/pkg/interfaces/handler/ltd_handler.go:29.57,30.65 1 0
github.com/satorunooshie/swipe-shukatu/pkg/interfaces/handler/ltd_handler.go:30.65,31.24 1 0
github.com/satorunooshie/swipe-shukatu/pkg/interfaces/handler/ltd_handler.go:36.57,37.65 1 0
github.com/satorunooshie/swipe-shukatu/pkg/interfaces/handler/ltd_handler.go:37.65,38.24 1 0
github.com/satorunooshie/swipe-shukatu/pkg/interfaces/handler/ltd_handler.go:43.57,44.65 1 0
github.com/satorunooshie/swipe-shukatu/pkg/interfaces/handler/ltd_handler.go:44.65,45.24 1 0
github.com/satorunooshie/swipe-shukatu/pkg/interfaces/handler/ltd_handler.go:50.57,51.65 1 0
github.com/satorunooshie/swipe-shukatu/pkg/interfaces/handler/ltd_handler.go:51.65,52.24 1 0
github.com/satorunooshie/swipe-shukatu/pkg/interfaces/handler/message_handler.go:28.73,32.2 1 1
github.com/satorunooshie/swipe-shukatu/pkg/interfaces/handler/message_handler.go:35.65,36.65 1 1
github.com/satorunooshie/swipe-shukatu/pkg/interfaces/handler/message_handler.go:36.65,41.17 5 1
github.com/satorunooshie/swipe-shukatu/pkg/interfaces/handler/message_handler.go:46.3,47.17 2 1
github.com/satorunooshie/swipe-shukatu/pkg/interfaces/handler/message_handler.go:52.3,53.24 2 1
github.com/satorunooshie/swipe-shukatu/pkg/interfaces/handler/message_handler.go:64.3,67.17 4 1
github.com/satorunooshie/swipe-shukatu/pkg/interfaces/handler/message_handler.go:72.3,74.24 3 1
github.com/satorunooshie/swipe-shukatu/pkg/interfaces/handler/message_handler.go:41.17,45.4 3 0
github.com/satorunooshie/swipe-shukatu/pkg/interfaces/handler/message_handler.go:47.17,51.4 3 1
github.com/satorunooshie/swipe-shukatu/pkg/interfaces/handler/message_handler.go:53.24,63.4 9 1
github.com/satorunooshie/swipe-shukatu/pkg/interfaces/handler/message_handler.go:67.17,71.4 3 0
github.com/satorunooshie/swipe-shukatu/pkg/interfaces/handler/message_handler.go:79.65,80.65 1 0
github.com/satorunooshie/swipe-shukatu/pkg/interfaces/handler/message_handler.go:80.65,81.24 1 0
github.com/satorunooshie/swipe-shukatu/pkg/interfaces/handler/message_handler.go:86.65,87.65 1 0
github.com/satorunooshie/swipe-shukatu/pkg/interfaces/handler/message_handler.go:87.65,88.24 1 0
github.com/satorunooshie/swipe-shukatu/pkg/interfaces/handler/message_handler.go:93.65,94.65 1 0
github.com/satorunooshie/swipe-shukatu/pkg/interfaces/handler/message_handler.go:94.65,95.24 1 0
github.com/satorunooshie/swipe-shukatu/pkg/interfaces/handler/mock_handler/mock_superlike_handler.go:26.77,30.2 3 0
github.com/satorunooshie/swipe-shukatu/pkg/interfaces/handler/mock_handler/mock_superlike_handler.go:33.75,35.2 1 0
github.com/satorunooshie/swipe-shukatu/pkg/interfaces/handler/mock_handler/mock_superlike_handler.go:38.64,43.2 4 0
github.com/satorunooshie/swipe-shukatu/pkg/interfaces/handler/mock_handler/mock_superlike_handler.go:46.73,49.2 2 0
github.com/satorunooshie/swipe-shukatu/pkg/interfaces/handler/mock_handler/mock_superlike_handler.go:52.64,57.2 4 0
github.com/satorunooshie/swipe-shukatu/pkg/interfaces/handler/mock_handler/mock_superlike_handler.go:60.73,63.2 2 0
github.com/satorunooshie/swipe-shukatu/pkg/interfaces/handler/mock_handler/mock_superlike_handler.go:66.64,71.2 4 0
github.com/satorunooshie/swipe-shukatu/pkg/interfaces/handler/mock_handler/mock_superlike_handler.go:74.73,77.2 2 0
github.com/satorunooshie/swipe-shukatu/pkg/interfaces/handler/mock_handler/mock_superlike_handler.go:80.64,85.2 4 0
github.com/satorunooshie/swipe-shukatu/pkg/interfaces/handler/mock_handler/mock_superlike_handler.go:88.73,91.2 2 0
github.com/satorunooshie/swipe-shukatu/pkg/interfaces/handler/mock_handler/mock_user_handler.go:26.67,30.2 3 0
github.com/satorunooshie/swipe-shukatu/pkg/interfaces/handler/mock_handler/mock_user_handler.go:33.65,35.2 1 0
github.com/satorunooshie/swipe-shukatu/pkg/interfaces/handler/mock_handler/mock_user_handler.go:38.59,43.2 4 0
github.com/satorunooshie/swipe-shukatu/pkg/interfaces/handler/mock_handler/mock_user_handler.go:46.68,49.2 2 0
github.com/satorunooshie/swipe-shukatu/pkg/interfaces/handler/mock_handler/mock_user_handler.go:52.59,57.2 4 0
github.com/satorunooshie/swipe-shukatu/pkg/interfaces/handler/mock_handler/mock_user_handler.go:60.68,63.2 2 0
github.com/satorunooshie/swipe-shukatu/pkg/interfaces/handler/mock_handler/mock_user_handler.go:66.59,71.2 4 0
github.com/satorunooshie/swipe-shukatu/pkg/interfaces/handler/mock_handler/mock_user_handler.go:74.68,77.2 2 0
github.com/satorunooshie/swipe-shukatu/pkg/interfaces/handler/mock_handler/mock_user_handler.go:80.59,85.2 4 0
github.com/satorunooshie/swipe-shukatu/pkg/interfaces/handler/mock_handler/mock_user_handler.go:88.68,91.2 2 0
github.com/satorunooshie/swipe-shukatu/pkg/interfaces/handler/mock_handler/mock_job_handler.go:26.65,30.2 3 0
github.com/satorunooshie/swipe-shukatu/pkg/interfaces/handler/mock_handler/mock_job_handler.go:33.63,35.2 1 0
github.com/satorunooshie/swipe-shukatu/pkg/interfaces/handler/mock_handler/mock_job_handler.go:38.58,43.2 4 0
github.com/satorunooshie/swipe-shukatu/pkg/interfaces/handler/mock_handler/mock_job_handler.go:46.67,49.2 2 0
github.com/satorunooshie/swipe-shukatu/pkg/interfaces/handler/mock_handler/mock_job_handler.go:52.58,57.2 4 0
github.com/satorunooshie/swipe-shukatu/pkg/interfaces/handler/mock_handler/mock_job_handler.go:60.67,63.2 2 0
github.com/satorunooshie/swipe-shukatu/pkg/interfaces/handler/mock_handler/mock_job_handler.go:66.58,71.2 4 0
github.com/satorunooshie/swipe-shukatu/pkg/interfaces/handler/mock_handler/mock_job_handler.go:74.67,77.2 2 0
github.com/satorunooshie/swipe-shukatu/pkg/interfaces/handler/mock_handler/mock_job_handler.go:80.58,85.2 4 0
github.com/satorunooshie/swipe-shukatu/pkg/interfaces/handler/mock_handler/mock_job_handler.go:88.67,91.2 2 0
github.com/satorunooshie/swipe-shukatu/pkg/interfaces/handler/mock_handler/mock_like_handler.go:26.67,30.2 3 0
github.com/satorunooshie/swipe-shukatu/pkg/interfaces/handler/mock_handler/mock_like_handler.go:33.65,35.2 1 0
github.com/satorunooshie/swipe-shukatu/pkg/interfaces/handler/mock_handler/mock_like_handler.go:38.59,43.2 4 0
github.com/satorunooshie/swipe-shukatu/pkg/interfaces/handler/mock_handler/mock_like_handler.go:46.68,49.2 2 0
github.com/satorunooshie/swipe-shukatu/pkg/interfaces/handler/mock_handler/mock_like_handler.go:52.59,57.2 4 0
github.com/satorunooshie/swipe-shukatu/pkg/interfaces/handler/mock_handler/mock_like_handler.go:60.68,63.2 2 0
github.com/satorunooshie/swipe-shukatu/pkg/interfaces/handler/mock_handler/mock_like_handler.go:66.59,71.2 4 0
github.com/satorunooshie/swipe-shukatu/pkg/interfaces/handler/mock_handler/mock_like_handler.go:74.68,77.2 2 0
github.com/satorunooshie/swipe-shukatu/pkg/interfaces/handler/mock_handler/mock_like_handler.go:80.59,85.2 4 0
github.com/satorunooshie/swipe-shukatu/pkg/interfaces/handler/mock_handler/mock_like_handler.go:88.68,91.2 2 0
github.com/satorunooshie/swipe-shukatu/pkg/interfaces/handler/mock_handler/mock_ltd_handler.go:26.65,30.2 3 0
github.com/satorunooshie/swipe-shukatu/pkg/interfaces/handler/mock_handler/mock_ltd_handler.go:33.63,35.2 1 0
github.com/satorunooshie/swipe-shukatu/pkg/interfaces/handler/mock_handler/mock_ltd_handler.go:38.58,43.2 4 0
github.com/satorunooshie/swipe-shukatu/pkg/interfaces/handler/mock_handler/mock_ltd_handler.go:46.67,49.2 2 0
github.com/satorunooshie/swipe-shukatu/pkg/interfaces/handler/mock_handler/mock_ltd_handler.go:52.58,57.2 4 0
github.com/satorunooshie/swipe-shukatu/pkg/interfaces/handler/mock_handler/mock_ltd_handler.go:60.67,63.2 2 0
github.com/satorunooshie/swipe-shukatu/pkg/interfaces/handler/mock_handler/mock_ltd_handler.go:66.58,71.2 4 0
github.com/satorunooshie/swipe-shukatu/pkg/interfaces/handler/mock_handler/mock_ltd_handler.go:74.67,77.2 2 0
github.com/satorunooshie/swipe-shukatu/pkg/interfaces/handler/mock_handler/mock_ltd_handler.go:80.58,85.2 4 0
github.com/satorunooshie/swipe-shukatu/pkg/interfaces/handler/mock_handler/mock_ltd_handler.go:88.67,91.2 2 0
github.com/satorunooshie/swipe-shukatu/pkg/interfaces/handler/mock_handler/mock_message_handler.go:26.73,30.2 3 0
github.com/satorunooshie/swipe-shukatu/pkg/interfaces/handler/mock_handler/mock_message_handler.go:33.71,35.2 1 0
github.com/satorunooshie/swipe-shukatu/pkg/interfaces/handler/mock_handler/mock_message_handler.go:38.62,43.2 4 0
github.com/satorunooshie/swipe-shukatu/pkg/interfaces/handler/mock_handler/mock_message_handler.go:46.71,49.2 2 0
github.com/satorunooshie/swipe-shukatu/pkg/interfaces/handler/mock_handler/mock_message_handler.go:52.62,57.2 4 0
github.com/satorunooshie/swipe-shukatu/pkg/interfaces/handler/mock_handler/mock_message_handler.go:60.71,63.2 2 0
github.com/satorunooshie/swipe-shukatu/pkg/interfaces/handler/mock_handler/mock_message_handler.go:66.62,71.2 4 0
github.com/satorunooshie/swipe-shukatu/pkg/interfaces/handler/mock_handler/mock_message_handler.go:74.71,77.2 2 0
github.com/satorunooshie/swipe-shukatu/pkg/interfaces/handler/mock_handler/mock_message_handler.go:80.62,85.2 4 0
github.com/satorunooshie/swipe-shukatu/pkg/interfaces/handler/mock_handler/mock_message_handler.go:88.71,91.2 2 0
github.com/satorunooshie/swipe-shukatu/pkg/interfaces/handler/mock_handler/mock_nope_handler.go:26.67,30.2 3 0
github.com/satorunooshie/swipe-shukatu/pkg/interfaces/handler/mock_handler/mock_nope_handler.go:33.65,35.2 1 0
github.com/satorunooshie/swipe-shukatu/pkg/interfaces/handler/mock_handler/mock_nope_handler.go:38.59,43.2 4 0
github.com/satorunooshie/swipe-shukatu/pkg/interfaces/handler/mock_handler/mock_nope_handler.go:46.68,49.2 2 0
github.com/satorunooshie/swipe-shukatu/pkg/interfaces/handler/mock_handler/mock_nope_handler.go:52.59,57.2 4 0
github.com/satorunooshie/swipe-shukatu/pkg/interfaces/handler/mock_handler/mock_nope_handler.go:60.68,63.2 2 0
github.com/satorunooshie/swipe-shukatu/pkg/interfaces/handler/mock_handler/mock_nope_handler.go:66.59,71.2 4 0
github.com/satorunooshie/swipe-shukatu/pkg/interfaces/handler/mock_handler/mock_nope_handler.go:74.68,77.2 2 0
github.com/satorunooshie/swipe-shukatu/pkg/interfaces/handler/mock_handler/mock_nope_handler.go:80.59,85.2 4 0
github.com/satorunooshie/swipe-shukatu/pkg/interfaces/handler/mock_handler/mock_nope_handler.go:88.68,91.2 2 0
github.com/satorunooshie/swipe-shukatu/pkg/interfaces/handler/mock_handler/mock_recruit_handler.go:26.73,30.2 3 0
github.com/satorunooshie/swipe-shukatu/pkg/interfaces/handler/mock_handler/mock_recruit_handler.go:33.71,35.2 1 0
github.com/satorunooshie/swipe-shukatu/pkg/interfaces/handler/mock_handler/mock_recruit_handler.go:38.62,43.2 4 0
github.com/satorunooshie/swipe-shukatu/pkg/interfaces/handler/mock_handler/mock_recruit_handler.go:46.71,49.2 2 0
github.com/satorunooshie/swipe-shukatu/pkg/interfaces/handler/mock_handler/mock_recruit_handler.go:52.62,57.2 4 0
github.com/satorunooshie/swipe-shukatu/pkg/interfaces/handler/mock_handler/mock_recruit_handler.go:60.71,63.2 2 0
github.com/satorunooshie/swipe-shukatu/pkg/interfaces/handler/mock_handler/mock_recruit_handler.go:66.62,71.2 4 0
github.com/satorunooshie/swipe-shukatu/pkg/interfaces/handler/mock_handler/mock_recruit_handler.go:74.71,77.2 2 0
github.com/satorunooshie/swipe-shukatu/pkg/interfaces/handler/mock_handler/mock_recruit_handler.go:80.62,85.2 4 0
github.com/satorunooshie/swipe-shukatu/pkg/interfaces/handler/mock_handler/mock_recruit_handler.go:88.71,91.2 2 0
github.com/satorunooshie/swipe-shukatu/pkg/usecase/superlike_usecase.go:24.86,28.2 1 0
github.com/satorunooshie/swipe-shukatu/pkg/usecase/superlike_usecase.go:31.110,34.16 3 0
github.com/satorunooshie/swipe-shukatu/pkg/usecase/superlike_usecase.go:37.2,37.24 1 0
github.com/satorunooshie/swipe-shukatu/pkg/usecase/superlike_usecase.go:34.16,36.3 1 0
github.com/satorunooshie/swipe-shukatu/pkg/usecase/superlike_usecase.go:41.113,44.16 3 0
github.com/satorunooshie/swipe-shukatu/pkg/usecase/superlike_usecase.go:47.2,47.12 1 0
github.com/satorunooshie/swipe-shukatu/pkg/usecase/superlike_usecase.go:44.16,46.3 1 0
github.com/satorunooshie/swipe-shukatu/pkg/usecase/superlike_usecase.go:51.101,53.16 2 0
github.com/satorunooshie/swipe-shukatu/pkg/usecase/superlike_usecase.go:56.2,56.12 1 0
github.com/satorunooshie/swipe-shukatu/pkg/usecase/superlike_usecase.go:53.16,55.3 1 0
github.com/satorunooshie/swipe-shukatu/pkg/usecase/superlike_usecase.go:60.101,62.16 2 0
github.com/satorunooshie/swipe-shukatu/pkg/usecase/superlike_usecase.go:65.2,65.12 1 0
github.com/satorunooshie/swipe-shukatu/pkg/usecase/superlike_usecase.go:62.16,64.3 1 0
github.com/satorunooshie/swipe-shukatu/pkg/usecase/user_usecase.go:23.61,27.2 1 0
github.com/satorunooshie/swipe-shukatu/pkg/usecase/user_usecase.go:30.89,32.2 1 0
github.com/satorunooshie/swipe-shukatu/pkg/usecase/user_usecase.go:35.81,37.16 2 0
github.com/satorunooshie/swipe-shukatu/pkg/usecase/user_usecase.go:40.2,40.12 1 0
github.com/satorunooshie/swipe-shukatu/pkg/usecase/user_usecase.go:37.16,39.3 1 0
github.com/satorunooshie/swipe-shukatu/pkg/usecase/user_usecase.go:44.81,46.16 2 0
github.com/satorunooshie/swipe-shukatu/pkg/usecase/user_usecase.go:49.2,49.12 1 0
github.com/satorunooshie/swipe-shukatu/pkg/usecase/user_usecase.go:46.16,48.3 1 0
github.com/satorunooshie/swipe-shukatu/pkg/usecase/user_usecase.go:53.81,55.16 2 0
github.com/satorunooshie/swipe-shukatu/pkg/usecase/user_usecase.go:58.2,58.12 1 0
github.com/satorunooshie/swipe-shukatu/pkg/usecase/user_usecase.go:55.16,57.3 1 0
github.com/satorunooshie/swipe-shukatu/pkg/usecase/job_usecase.go:23.56,27.2 1 0
github.com/satorunooshie/swipe-shukatu/pkg/usecase/job_usecase.go:30.74,32.16 2 0
github.com/satorunooshie/swipe-shukatu/pkg/usecase/job_usecase.go:35.2,35.18 1 0
github.com/satorunooshie/swipe-shukatu/pkg/usecase/job_usecase.go:32.16,34.3 1 0
github.com/satorunooshie/swipe-shukatu/pkg/usecase/job_usecase.go:39.77,41.16 2 0
github.com/satorunooshie/swipe-shukatu/pkg/usecase/job_usecase.go:44.2,44.12 1 0
github.com/satorunooshie/swipe-shukatu/pkg/usecase/job_usecase.go:41.16,43.3 1 0
github.com/satorunooshie/swipe-shukatu/pkg/usecase/job_usecase.go:48.77,50.16 2 0
github.com/satorunooshie/swipe-shukatu/pkg/usecase/job_usecase.go:53.2,53.12 1 0
github.com/satorunooshie/swipe-shukatu/pkg/usecase/job_usecase.go:50.16,52.3 1 0
github.com/satorunooshie/swipe-shukatu/pkg/usecase/job_usecase.go:57.77,59.16 2 0
github.com/satorunooshie/swipe-shukatu/pkg/usecase/job_usecase.go:62.2,62.12 1 0
github.com/satorunooshie/swipe-shukatu/pkg/usecase/job_usecase.go:59.16,61.3 1 0
github.com/satorunooshie/swipe-shukatu/pkg/usecase/like_usecase.go:24.61,28.2 1 0
github.com/satorunooshie/swipe-shukatu/pkg/usecase/like_usecase.go:31.90,34.16 3 0
github.com/satorunooshie/swipe-shukatu/pkg/usecase/like_usecase.go:37.2,37.19 1 0
github.com/satorunooshie/swipe-shukatu/pkg/usecase/like_usecase.go:34.16,36.3 1 0
github.com/satorunooshie/swipe-shukatu/pkg/usecase/like_usecase.go:41.93,43.16 2 0
github.com/satorunooshie/swipe-shukatu/pkg/usecase/like_usecase.go:46.2,46.12 1 0
github.com/satorunooshie/swipe-shukatu/pkg/usecase/like_usecase.go:43.16,45.3 1 0
github.com/satorunooshie/swipe-shukatu/pkg/usecase/like_usecase.go:50.81,52.16 2 0
github.com/satorunooshie/swipe-shukatu/pkg/usecase/like_usecase.go:55.2,55.12 1 0
github.com/satorunooshie/swipe-shukatu/pkg/usecase/like_usecase.go:52.16,54.3 1 0
github.com/satorunooshie/swipe-shukatu/pkg/usecase/like_usecase.go:59.81,61.16 2 0
github.com/satorunooshie/swipe-shukatu/pkg/usecase/like_usecase.go:64.2,64.12 1 0
github.com/satorunooshie/swipe-shukatu/pkg/usecase/like_usecase.go:61.16,63.3 1 0
github.com/satorunooshie/swipe-shukatu/pkg/usecase/ltd_usecase.go:23.56,27.2 1 0
github.com/satorunooshie/swipe-shukatu/pkg/usecase/ltd_usecase.go:30.74,32.16 2 0
github.com/satorunooshie/swipe-shukatu/pkg/usecase/ltd_usecase.go:35.2,35.18 1 0
github.com/satorunooshie/swipe-shukatu/pkg/usecase/ltd_usecase.go:32.16,34.3 1 0
github.com/satorunooshie/swipe-shukatu/pkg/usecase/ltd_usecase.go:39.77,41.16 2 0
github.com/satorunooshie/swipe-shukatu/pkg/usecase/ltd_usecase.go:44.2,44.12 1 0
github.com/satorunooshie/swipe-shukatu/pkg/usecase/ltd_usecase.go:41.16,43.3 1 0
github.com/satorunooshie/swipe-shukatu/pkg/usecase/ltd_usecase.go:48.77,50.16 2 0
github.com/satorunooshie/swipe-shukatu/pkg/usecase/ltd_usecase.go:53.2,53.12 1 0
github.com/satorunooshie/swipe-shukatu/pkg/usecase/ltd_usecase.go:50.16,52.3 1 0
github.com/satorunooshie/swipe-shukatu/pkg/usecase/ltd_usecase.go:57.77,59.16 2 0
github.com/satorunooshie/swipe-shukatu/pkg/usecase/ltd_usecase.go:62.2,62.12 1 0
github.com/satorunooshie/swipe-shukatu/pkg/usecase/ltd_usecase.go:59.16,61.3 1 0
github.com/satorunooshie/swipe-shukatu/pkg/usecase/message_usecase.go:34.18,41.2 1 1
github.com/satorunooshie/swipe-shukatu/pkg/usecase/message_usecase.go:44.100,52.16 3 1
github.com/satorunooshie/swipe-shukatu/pkg/usecase/message_usecase.go:56.2,58.23 2 1
github.com/satorunooshie/swipe-shukatu/pkg/usecase/message_usecase.go:62.2,64.21 2 1
github.com/satorunooshie/swipe-shukatu/pkg/usecase/message_usecase.go:78.2,78.21 1 1
github.com/satorunooshie/swipe-shukatu/pkg/usecase/message_usecase.go:92.2,92.33 1 1
github.com/satorunooshie/swipe-shukatu/pkg/usecase/message_usecase.go:96.2,97.16 2 1
github.com/satorunooshie/swipe-shukatu/pkg/usecase/message_usecase.go:101.2,102.29 2 1
github.com/satorunooshie/swipe-shukatu/pkg/usecase/message_usecase.go:114.2,114.16 1 1
github.com/satorunooshie/swipe-shukatu/pkg/usecase/message_usecase.go:52.16,54.3 1 1
github.com/satorunooshie/swipe-shukatu/pkg/usecase/message_usecase.go:58.23,60.3 1 1
github.com/satorunooshie/swipe-shukatu/pkg/usecase/message_usecase.go:64.21,65.10 1 1
github.com/satorunooshie/swipe-shukatu/pkg/usecase/message_usecase.go:66.21,68.20 2 1
github.com/satorunooshie/swipe-shukatu/pkg/usecase/message_usecase.go:69.11,71.18 2 1
github.com/satorunooshie/swipe-shukatu/pkg/usecase/message_usecase.go:74.4,74.14 1 1
github.com/satorunooshie/swipe-shukatu/pkg/usecase/message_usecase.go:71.18,73.5 1 1
github.com/satorunooshie/swipe-shukatu/pkg/usecase/message_usecase.go:78.21,79.10 1 1
github.com/satorunooshie/swipe-shukatu/pkg/usecase/message_usecase.go:80.21,82.20 2 1
github.com/satorunooshie/swipe-shukatu/pkg/usecase/message_usecase.go:83.11,85.18 2 1
github.com/satorunooshie/swipe-shukatu/pkg/usecase/message_usecase.go:88.4,88.14 1 1
github.com/satorunooshie/swipe-shukatu/pkg/usecase/message_usecase.go:85.18,87.5 1 1
github.com/satorunooshie/swipe-shukatu/pkg/usecase/message_usecase.go:92.33,94.3 1 1
github.com/satorunooshie/swipe-shukatu/pkg/usecase/message_usecase.go:97.16,99.3 1 1
github.com/satorunooshie/swipe-shukatu/pkg/usecase/message_usecase.go:102.29,113.3 10 1
github.com/satorunooshie/swipe-shukatu/pkg/usecase/message_usecase.go:118.90,120.16 2 0
github.com/satorunooshie/swipe-shukatu/pkg/usecase/message_usecase.go:123.2,123.12 1 0
github.com/satorunooshie/swipe-shukatu/pkg/usecase/message_usecase.go:120.16,122.3 1 0
github.com/satorunooshie/swipe-shukatu/pkg/usecase/message_usecase.go:127.90,129.16 2 0
github.com/satorunooshie/swipe-shukatu/pkg/usecase/message_usecase.go:132.2,132.12 1 0
github.com/satorunooshie/swipe-shukatu/pkg/usecase/message_usecase.go:129.16,131.3 1 0
github.com/satorunooshie/swipe-shukatu/pkg/usecase/message_usecase.go:136.90,138.16 2 0
github.com/satorunooshie/swipe-shukatu/pkg/usecase/message_usecase.go:141.2,141.12 1 0
github.com/satorunooshie/swipe-shukatu/pkg/usecase/message_usecase.go:138.16,140.3 1 0
github.com/satorunooshie/swipe-shukatu/pkg/usecase/nope_usecase.go:24.61,28.2 1 0
github.com/satorunooshie/swipe-shukatu/pkg/usecase/nope_usecase.go:31.90,34.16 3 0
github.com/satorunooshie/swipe-shukatu/pkg/usecase/nope_usecase.go:37.2,37.19 1 0
github.com/satorunooshie/swipe-shukatu/pkg/usecase/nope_usecase.go:34.16,36.3 1 0
github.com/satorunooshie/swipe-shukatu/pkg/usecase/nope_usecase.go:41.93,44.16 3 0
github.com/satorunooshie/swipe-shukatu/pkg/usecase/nope_usecase.go:47.2,47.12 1 0
github.com/satorunooshie/swipe-shukatu/pkg/usecase/nope_usecase.go:44.16,46.3 1 0
github.com/satorunooshie/swipe-shukatu/pkg/usecase/nope_usecase.go:51.81,53.16 2 0
github.com/satorunooshie/swipe-shukatu/pkg/usecase/nope_usecase.go:56.2,56.12 1 0
github.com/satorunooshie/swipe-shukatu/pkg/usecase/nope_usecase.go:53.16,55.3 1 0
github.com/satorunooshie/swipe-shukatu/pkg/usecase/nope_usecase.go:60.81,62.16 2 0
github.com/satorunooshie/swipe-shukatu/pkg/usecase/nope_usecase.go:65.2,65.12 1 0
github.com/satorunooshie/swipe-shukatu/pkg/usecase/nope_usecase.go:62.16,64.3 1 0
github.com/satorunooshie/swipe-shukatu/pkg/usecase/recruit_usecase.go:23.76,27.2 1 0
github.com/satorunooshie/swipe-shukatu/pkg/usecase/recruit_usecase.go:30.90,32.16 2 0
github.com/satorunooshie/swipe-shukatu/pkg/usecase/recruit_usecase.go:35.2,35.22 1 0
github.com/satorunooshie/swipe-shukatu/pkg/usecase/recruit_usecase.go:32.16,34.3 1 0
github.com/satorunooshie/swipe-shukatu/pkg/usecase/recruit_usecase.go:39.93,41.16 2 0
github.com/satorunooshie/swipe-shukatu/pkg/usecase/recruit_usecase.go:44.2,44.12 1 0
github.com/satorunooshie/swipe-shukatu/pkg/usecase/recruit_usecase.go:41.16,43.3 1 0
github.com/satorunooshie/swipe-shukatu/pkg/usecase/recruit_usecase.go:48.93,50.16 2 0
github.com/satorunooshie/swipe-shukatu/pkg/usecase/recruit_usecase.go:53.2,53.12 1 0
github.com/satorunooshie/swipe-shukatu/pkg/usecase/recruit_usecase.go:50.16,52.3 1 0
github.com/satorunooshie/swipe-shukatu/pkg/usecase/recruit_usecase.go:57.93,59.16 2 0
github.com/satorunooshie/swipe-shukatu/pkg/usecase/recruit_usecase.go:62.2,62.12 1 0
github.com/satorunooshie/swipe-shukatu/pkg/usecase/recruit_usecase.go:59.16,61.3 1 0
github.com/satorunooshie/swipe-shukatu/pkg/usecase/mock_usecase/mock_ltd_usecase.go:27.65,31.2 3 0
github.com/satorunooshie/swipe-shukatu/pkg/usecase/mock_usecase/mock_ltd_usecase.go:34.63,36.2 1 0
github.com/satorunooshie/swipe-shukatu/pkg/usecase/mock_usecase/mock_ltd_usecase.go:39.79,44.2 4 0
github.com/satorunooshie/swipe-shukatu/pkg/usecase/mock_usecase/mock_ltd_usecase.go:47.84,50.2 2 0
github.com/satorunooshie/swipe-shukatu/pkg/usecase/mock_usecase/mock_ltd_usecase.go:53.79,58.2 4 0
github.com/satorunooshie/swipe-shukatu/pkg/usecase/mock_usecase/mock_ltd_usecase.go:61.84,64.2 2 0
github.com/satorunooshie/swipe-shukatu/pkg/usecase/mock_usecase/mock_ltd_usecase.go:67.76,73.2 5 0
github.com/satorunooshie/swipe-shukatu/pkg/usecase/mock_usecase/mock_ltd_usecase.go:76.76,79.2 2 0
github.com/satorunooshie/swipe-shukatu/pkg/usecase/mock_usecase/mock_ltd_usecase.go:82.79,87.2 4 0
github.com/satorunooshie/swipe-shukatu/pkg/usecase/mock_usecase/mock_ltd_usecase.go:90.84,93.2 2 0
github.com/satorunooshie/swipe-shukatu/pkg/usecase/mock_usecase/mock_message_usecase.go:28.73,32.2 3 0
github.com/satorunooshie/swipe-shukatu/pkg/usecase/mock_usecase/mock_message_usecase.go:35.71,37.2 1 0
github.com/satorunooshie/swipe-shukatu/pkg/usecase/mock_usecase/mock_message_usecase.go:40.87,45.2 4 0
github.com/satorunooshie/swipe-shukatu/pkg/usecase/mock_usecase/mock_message_usecase.go:48.88,51.2 2 0
github.com/satorunooshie/swipe-shukatu/pkg/usecase/mock_usecase/mock_message_usecase.go:54.87,59.2 4 0
github.com/satorunooshie/swipe-shukatu/pkg/usecase/mock_usecase/mock_message_usecase.go:62.88,65.2 2 0
github.com/satorunooshie/swipe-shukatu/pkg/usecase/mock_usecase/mock_message_usecase.go:68.105,74.2 5 0
github.com/satorunooshie/swipe-shukatu/pkg/usecase/mock_usecase/mock_message_usecase.go:77.85,80.2 2 0
github.com/satorunooshie/swipe-shukatu/pkg/usecase/mock_usecase/mock_message_usecase.go:83.87,88.2 4 0
github.com/satorunooshie/swipe-shukatu/pkg/usecase/mock_usecase/mock_message_usecase.go:91.88,94.2 2 0
github.com/satorunooshie/swipe-shukatu/pkg/usecase/mock_usecase/mock_nope_usecase.go:27.67,31.2 3 0
github.com/satorunooshie/swipe-shukatu/pkg/usecase/mock_usecase/mock_nope_usecase.go:34.65,36.2 1 0
github.com/satorunooshie/swipe-shukatu/pkg/usecase/mock_usecase/mock_nope_usecase.go:39.81,44.2 4 0
github.com/satorunooshie/swipe-shukatu/pkg/usecase/mock_usecase/mock_nope_usecase.go:47.85,50.2 2 0
github.com/satorunooshie/swipe-shukatu/pkg/usecase/mock_usecase/mock_nope_usecase.go:53.93,58.2 4 0
github.com/satorunooshie/swipe-shukatu/pkg/usecase/mock_usecase/mock_nope_usecase.go:61.90,64.2 2 0
github.com/satorunooshie/swipe-shukatu/pkg/usecase/mock_usecase/mock_nope_usecase.go:67.90,73.2 5 0
github.com/satorunooshie/swipe-shukatu/pkg/usecase/mock_usecase/mock_nope_usecase.go:76.82,79.2 2 0
github.com/satorunooshie/swipe-shukatu/pkg/usecase/mock_usecase/mock_nope_usecase.go:82.81,87.2 4 0
github.com/satorunooshie/swipe-shukatu/pkg/usecase/mock_usecase/mock_nope_usecase.go:90.85,93.2 2 0
github.com/satorunooshie/swipe-shukatu/pkg/usecase/mock_usecase/mock_recruit_usecase.go:27.73,31.2 3 0
github.com/satorunooshie/swipe-shukatu/pkg/usecase/mock_usecase/mock_recruit_usecase.go:34.71,36.2 1 0
github.com/satorunooshie/swipe-shukatu/pkg/usecase/mock_usecase/mock_recruit_usecase.go:39.87,44.2 4 0
github.com/satorunooshie/swipe-shukatu/pkg/usecase/mock_usecase/mock_recruit_usecase.go:47.88,50.2 2 0
github.com/satorunooshie/swipe-shukatu/pkg/usecase/mock_usecase/mock_recruit_usecase.go:53.87,58.2 4 0
github.com/satorunooshie/swipe-shukatu/pkg/usecase/mock_usecase/mock_recruit_usecase.go:61.88,64.2 2 0
github.com/satorunooshie/swipe-shukatu/pkg/usecase/mock_usecase/mock_recruit_usecase.go:67.84,73.2 5 0
github.com/satorunooshie/swipe-shukatu/pkg/usecase/mock_usecase/mock_recruit_usecase.go:76.80,79.2 2 0
github.com/satorunooshie/swipe-shukatu/pkg/usecase/mock_usecase/mock_recruit_usecase.go:82.87,87.2 4 0
github.com/satorunooshie/swipe-shukatu/pkg/usecase/mock_usecase/mock_recruit_usecase.go:90.88,93.2 2 0
github.com/satorunooshie/swipe-shukatu/pkg/usecase/mock_usecase/mock_superlike_usecase.go:27.77,31.2 3 0
github.com/satorunooshie/swipe-shukatu/pkg/usecase/mock_usecase/mock_superlike_usecase.go:34.75,36.2 1 0
github.com/satorunooshie/swipe-shukatu/pkg/usecase/mock_usecase/mock_superlike_usecase.go:39.91,44.2 4 0
github.com/satorunooshie/swipe-shukatu/pkg/usecase/mock_usecase/mock_superlike_usecase.go:47.90,50.2 2 0
github.com/satorunooshie/swipe-shukatu/pkg/usecase/mock_usecase/mock_superlike_usecase.go:53.103,58.2 4 0
github.com/satorunooshie/swipe-shukatu/pkg/usecase/mock_usecase/mock_superlike_usecase.go:61.95,64.2 2 0
github.com/satorunooshie/swipe-shukatu/pkg/usecase/mock_usecase/mock_superlike_usecase.go:67.100,73.2 5 0
github.com/satorunooshie/swipe-shukatu/pkg/usecase/mock_usecase/mock_superlike_usecase.go:76.87,79.2 2 0
github.com/satorunooshie/swipe-shukatu/pkg/usecase/mock_usecase/mock_superlike_usecase.go:82.91,87.2 4 0
github.com/satorunooshie/swipe-shukatu/pkg/usecase/mock_usecase/mock_superlike_usecase.go:90.90,93.2 2 0
github.com/satorunooshie/swipe-shukatu/pkg/usecase/mock_usecase/mock_user_usecase.go:27.67,31.2 3 0
github.com/satorunooshie/swipe-shukatu/pkg/usecase/mock_usecase/mock_user_usecase.go:34.65,36.2 1 0
github.com/satorunooshie/swipe-shukatu/pkg/usecase/mock_usecase/mock_user_usecase.go:39.81,44.2 4 0
github.com/satorunooshie/swipe-shukatu/pkg/usecase/mock_usecase/mock_user_usecase.go:47.85,50.2 2 0
github.com/satorunooshie/swipe-shukatu/pkg/usecase/mock_usecase/mock_user_usecase.go:53.81,58.2 4 0
github.com/satorunooshie/swipe-shukatu/pkg/usecase/mock_usecase/mock_user_usecase.go:61.85,64.2 2 0
github.com/satorunooshie/swipe-shukatu/pkg/usecase/mock_usecase/mock_user_usecase.go:67.89,73.2 5 0
github.com/satorunooshie/swipe-shukatu/pkg/usecase/mock_usecase/mock_user_usecase.go:76.83,79.2 2 0
github.com/satorunooshie/swipe-shukatu/pkg/usecase/mock_usecase/mock_user_usecase.go:82.81,87.2 4 0
github.com/satorunooshie/swipe-shukatu/pkg/usecase/mock_usecase/mock_user_usecase.go:90.85,93.2 2 0
github.com/satorunooshie/swipe-shukatu/pkg/usecase/mock_usecase/mock_job_usecase.go:27.65,31.2 3 0
github.com/satorunooshie/swipe-shukatu/pkg/usecase/mock_usecase/mock_job_usecase.go:34.63,36.2 1 0
github.com/satorunooshie/swipe-shukatu/pkg/usecase/mock_usecase/mock_job_usecase.go:39.79,44.2 4 0
github.com/satorunooshie/swipe-shukatu/pkg/usecase/mock_usecase/mock_job_usecase.go:47.84,50.2 2 0
github.com/satorunooshie/swipe-shukatu/pkg/usecase/mock_usecase/mock_job_usecase.go:53.79,58.2 4 0
github.com/satorunooshie/swipe-shukatu/pkg/usecase/mock_usecase/mock_job_usecase.go:61.84,64.2 2 0
github.com/satorunooshie/swipe-shukatu/pkg/usecase/mock_usecase/mock_job_usecase.go:67.76,73.2 5 0
github.com/satorunooshie/swipe-shukatu/pkg/usecase/mock_usecase/mock_job_usecase.go:76.76,79.2 2 0
github.com/satorunooshie/swipe-shukatu/pkg/usecase/mock_usecase/mock_job_usecase.go:82.79,87.2 4 0
github.com/satorunooshie/swipe-shukatu/pkg/usecase/mock_usecase/mock_job_usecase.go:90.84,93.2 2 0
github.com/satorunooshie/swipe-shukatu/pkg/usecase/mock_usecase/mock_like_usecase.go:27.67,31.2 3 0
github.com/satorunooshie/swipe-shukatu/pkg/usecase/mock_usecase/mock_like_usecase.go:34.65,36.2 1 0
github.com/satorunooshie/swipe-shukatu/pkg/usecase/mock_usecase/mock_like_usecase.go:39.81,44.2 4 0
github.com/satorunooshie/swipe-shukatu/pkg/usecase/mock_usecase/mock_like_usecase.go:47.85,50.2 2 0
github.com/satorunooshie/swipe-shukatu/pkg/usecase/mock_usecase/mock_like_usecase.go:53.93,58.2 4 0
github.com/satorunooshie/swipe-shukatu/pkg/usecase/mock_usecase/mock_like_usecase.go:61.90,64.2 2 0
github.com/satorunooshie/swipe-shukatu/pkg/usecase/mock_usecase/mock_like_usecase.go:67.90,73.2 5 0
github.com/satorunooshie/swipe-shukatu/pkg/usecase/mock_usecase/mock_like_usecase.go:76.82,79.2 2 0
github.com/satorunooshie/swipe-shukatu/pkg/usecase/mock_usecase/mock_like_usecase.go:82.81,87.2 4 0
github.com/satorunooshie/swipe-shukatu/pkg/usecase/mock_usecase/mock_like_usecase.go:90.85,93.2 2 0
github.com/satorunooshie/swipe-shukatu/pkg/interfaces/middleware/auth.go:26.32,30.2 1 0
github.com/satorunooshie/swipe-shukatu/pkg/interfaces/middleware/auth.go:33.61,34.54 1 0
github.com/satorunooshie/swipe-shukatu/pkg/interfaces/middleware/auth.go:34.54,37.20 3 0
github.com/satorunooshie/swipe-shukatu/pkg/interfaces/middleware/auth.go:45.3,46.17 2 0
github.com/satorunooshie/swipe-shukatu/pkg/interfaces/middleware/auth.go:51.3,54.17 3 0
github.com/satorunooshie/swipe-shukatu/pkg/interfaces/middleware/auth.go:58.3,59.17 2 0
github.com/satorunooshie/swipe-shukatu/pkg/interfaces/middleware/auth.go:65.3,66.17 2 0
github.com/satorunooshie/swipe-shukatu/pkg/interfaces/middleware/auth.go:72.3,73.17 2 0
github.com/satorunooshie/swipe-shukatu/pkg/interfaces/middleware/auth.go:79.3,82.17 4 0
github.com/satorunooshie/swipe-shukatu/pkg/interfaces/middleware/auth.go:87.3,87.18 1 0
github.com/satorunooshie/swipe-shukatu/pkg/interfaces/middleware/auth.go:99.3,101.40 3 0
github.com/satorunooshie/swipe-shukatu/pkg/interfaces/middleware/auth.go:37.20,43.4 4 0
github.com/satorunooshie/swipe-shukatu/pkg/interfaces/middleware/auth.go:46.17,50.4 3 0
github.com/satorunooshie/swipe-shukatu/pkg/interfaces/middleware/auth.go:54.17,56.4 1 0
github.com/satorunooshie/swipe-shukatu/pkg/interfaces/middleware/auth.go:59.17,63.4 3 0
github.com/satorunooshie/swipe-shukatu/pkg/interfaces/middleware/auth.go:66.17,70.4 3 0
github.com/satorunooshie/swipe-shukatu/pkg/interfaces/middleware/auth.go:73.17,78.4 3 0
github.com/satorunooshie/swipe-shukatu/pkg/interfaces/middleware/auth.go:82.17,86.4 2 0
github.com/satorunooshie/swipe-shukatu/pkg/interfaces/middleware/auth.go:87.18,92.46 2 0
github.com/satorunooshie/swipe-shukatu/pkg/interfaces/middleware/auth.go:92.46,97.5 3 0
github.com/satorunooshie/swipe-shukatu/pkg/interfaces/middleware/auth.go:106.36,112.16 3 0
github.com/satorunooshie/swipe-shukatu/pkg/interfaces/middleware/auth.go:115.2,116.54 2 0
github.com/satorunooshie/swipe-shukatu/pkg/interfaces/middleware/auth.go:112.16,114.3 1 0
github.com/satorunooshie/swipe-shukatu/pkg/interfaces/middleware/cors.go:8.50,10.2 1 0
github.com/satorunooshie/swipe-shukatu/pkg/interfaces/middleware/cors.go:13.51,15.2 1 0
github.com/satorunooshie/swipe-shukatu/pkg/interfaces/middleware/cors.go:18.50,20.2 1 0
github.com/satorunooshie/swipe-shukatu/pkg/interfaces/middleware/cors.go:23.53,25.2 1 0
github.com/satorunooshie/swipe-shukatu/pkg/interfaces/middleware/cors.go:27.72,28.54 1 0
github.com/satorunooshie/swipe-shukatu/pkg/interfaces/middleware/cors.go:28.54,32.37 4 0
github.com/satorunooshie/swipe-shukatu/pkg/interfaces/middleware/cors.go:35.3,35.25 1 0
github.com/satorunooshie/swipe-shukatu/pkg/interfaces/middleware/cors.go:42.3,43.13 2 0
github.com/satorunooshie/swipe-shukatu/pkg/interfaces/middleware/cors.go:32.37,34.4 1 0
github.com/satorunooshie/swipe-shukatu/pkg/interfaces/middleware/cors.go:35.25,37.67 2 0
github.com/satorunooshie/swipe-shukatu/pkg/interfaces/middleware/cors.go:40.4,40.10 1 0
github.com/satorunooshie/swipe-shukatu/pkg/interfaces/middleware/cors.go:37.67,39.5 1 0
