mode: set
github.com/satorunooshie/swipe-shukatu/pkg/errors/levels.go:17.37,20.2 2 1
github.com/satorunooshie/swipe-shukatu/pkg/errors/levels.go:22.40,25.2 2 1
github.com/satorunooshie/swipe-shukatu/pkg/errors/levels.go:27.36,30.2 2 1
github.com/satorunooshie/swipe-shukatu/pkg/errors/levels.go:32.36,35.2 2 1
github.com/satorunooshie/swipe-shukatu/pkg/errors/levels.go:37.35,39.2 1 1
github.com/satorunooshie/swipe-shukatu/pkg/errors/levels.go:41.38,43.2 1 1
github.com/satorunooshie/swipe-shukatu/pkg/errors/levels.go:45.34,47.2 1 1
github.com/satorunooshie/swipe-shukatu/pkg/errors/levels.go:49.34,51.2 1 1
github.com/satorunooshie/swipe-shukatu/pkg/errors/levels.go:53.45,54.19 1 1
github.com/satorunooshie/swipe-shukatu/pkg/errors/levels.go:57.2,58.17 2 0
github.com/satorunooshie/swipe-shukatu/pkg/errors/levels.go:62.2,62.27 1 0
github.com/satorunooshie/swipe-shukatu/pkg/errors/levels.go:54.19,56.3 1 1
github.com/satorunooshie/swipe-shukatu/pkg/errors/levels.go:58.17,60.3 1 0
github.com/satorunooshie/swipe-shukatu/pkg/errors/statuses.go:7.42,10.2 2 0
github.com/satorunooshie/swipe-shukatu/pkg/errors/statuses.go:12.44,15.2 2 0
github.com/satorunooshie/swipe-shukatu/pkg/errors/statuses.go:17.40,20.2 2 0
github.com/satorunooshie/swipe-shukatu/pkg/errors/statuses.go:22.51,25.2 2 0
github.com/satorunooshie/swipe-shukatu/pkg/errors/error_api.go:10.46,12.17 2 1
github.com/satorunooshie/swipe-shukatu/pkg/errors/error_api.go:15.2,15.17 1 1
github.com/satorunooshie/swipe-shukatu/pkg/errors/error_api.go:12.17,14.3 1 0
github.com/satorunooshie/swipe-shukatu/pkg/errors/error_api.go:18.72,20.2 1 0
github.com/satorunooshie/swipe-shukatu/pkg/errors/error_api.go:22.58,24.17 2 1
github.com/satorunooshie/swipe-shukatu/pkg/errors/error_api.go:27.2,29.11 3 1
github.com/satorunooshie/swipe-shukatu/pkg/errors/error_api.go:24.17,26.3 1 0
github.com/satorunooshie/swipe-shukatu/pkg/errors/error_api.go:32.82,36.2 3 0
github.com/satorunooshie/swipe-shukatu/pkg/errors/error_api.go:38.59,41.2 2 0
github.com/satorunooshie/swipe-shukatu/pkg/errors/error_api.go:43.34,44.18 1 1
github.com/satorunooshie/swipe-shukatu/pkg/errors/error_api.go:47.2,47.45 1 0
github.com/satorunooshie/swipe-shukatu/pkg/errors/error_api.go:50.2,50.22 1 0
github.com/satorunooshie/swipe-shukatu/pkg/errors/error_api.go:44.18,46.3 1 1
github.com/satorunooshie/swipe-shukatu/pkg/errors/error_api.go:47.45,49.3 1 0
github.com/satorunooshie/swipe-shukatu/pkg/errors/error_api.go:53.33,54.19 1 0
github.com/satorunooshie/swipe-shukatu/pkg/errors/error_api.go:57.2,57.45 1 0
github.com/satorunooshie/swipe-shukatu/pkg/errors/error_api.go:60.2,60.39 1 0
github.com/satorunooshie/swipe-shukatu/pkg/errors/error_api.go:54.19,56.3 1 0
github.com/satorunooshie/swipe-shukatu/pkg/errors/error_api.go:57.45,59.3 1 0
github.com/satorunooshie/swipe-shukatu/pkg/errors/error_api.go:63.41,64.25 1 0
github.com/satorunooshie/swipe-shukatu/pkg/errors/error_api.go:67.2,67.45 1 0
github.com/satorunooshie/swipe-shukatu/pkg/errors/error_api.go:70.2,70.28 1 0
github.com/satorunooshie/swipe-shukatu/pkg/errors/error_api.go:64.25,66.3 1 0
github.com/satorunooshie/swipe-shukatu/pkg/errors/error_api.go:67.45,69.3 1 0
github.com/satorunooshie/swipe-shukatu/pkg/errors/error_api.go:73.41,75.2 1 0
github.com/satorunooshie/swipe-shukatu/pkg/errors/error_api.go:77.44,81.2 3 1
github.com/satorunooshie/swipe-shukatu/pkg/errors/error_api.go:83.41,88.2 1 1
github.com/satorunooshie/swipe-shukatu/pkg/errors/error_api.go:90.45,95.2 4 1
github.com/satorunooshie/swipe-shukatu/pkg/errors/error_api.go:98.47,103.2 4 0
github.com/satorunooshie/swipe-shukatu/pkg/errors/error_api.go:106.44,111.2 4 0
github.com/satorunooshie/swipe-shukatu/pkg/errors/error_api.go:114.43,119.2 4 0
github.com/satorunooshie/swipe-shukatu/pkg/errors/error_api.go:121.43,126.2 4 1
github.com/satorunooshie/swipe-shukatu/pkg/errors/error_api.go:128.54,133.2 4 1
github.com/satorunooshie/swipe-shukatu/pkg/errors/errors.go:23.35,25.17 2 0
github.com/satorunooshie/swipe-shukatu/pkg/errors/errors.go:28.2,28.19 1 0
github.com/satorunooshie/swipe-shukatu/pkg/errors/errors.go:34.2,34.23 1 0
github.com/satorunooshie/swipe-shukatu/pkg/errors/errors.go:25.17,27.3 1 0
github.com/satorunooshie/swipe-shukatu/pkg/errors/errors.go:28.19,29.22 1 0
github.com/satorunooshie/swipe-shukatu/pkg/errors/errors.go:32.3,32.19 1 0
github.com/satorunooshie/swipe-shukatu/pkg/errors/errors.go:29.22,31.4 1 0
github.com/satorunooshie/swipe-shukatu/pkg/errors/errors.go:37.39,38.38 1 0
github.com/satorunooshie/swipe-shukatu/pkg/errors/errors.go:41.2,41.14 1 0
github.com/satorunooshie/swipe-shukatu/pkg/errors/errors.go:38.38,40.3 1 0
github.com/satorunooshie/swipe-shukatu/pkg/errors/errors.go:44.35,46.2 1 0
github.com/satorunooshie/swipe-shukatu/pkg/errors/errors.go:48.48,50.2 1 0
github.com/satorunooshie/swipe-shukatu/pkg/errors/errors.go:52.57,54.19 2 0
github.com/satorunooshie/swipe-shukatu/pkg/errors/errors.go:57.2,57.18 1 0
github.com/satorunooshie/swipe-shukatu/pkg/errors/errors.go:60.2,60.21 1 0
github.com/satorunooshie/swipe-shukatu/pkg/errors/errors.go:63.2,63.22 1 0
github.com/satorunooshie/swipe-shukatu/pkg/errors/errors.go:69.2,71.15 3 0
github.com/satorunooshie/swipe-shukatu/pkg/errors/errors.go:54.19,56.3 1 0
github.com/satorunooshie/swipe-shukatu/pkg/errors/errors.go:57.18,59.3 1 0
github.com/satorunooshie/swipe-shukatu/pkg/errors/errors.go:60.21,62.3 1 0
github.com/satorunooshie/swipe-shukatu/pkg/errors/errors.go:63.22,64.14 1 0
github.com/satorunooshie/swipe-shukatu/pkg/errors/errors.go:67.3,67.40 1 0
github.com/satorunooshie/swipe-shukatu/pkg/errors/errors.go:64.14,66.4 1 0
github.com/satorunooshie/swipe-shukatu/pkg/errors/errors.go:74.65,75.19 1 0
github.com/satorunooshie/swipe-shukatu/pkg/errors/errors.go:78.2,79.10 2 0
github.com/satorunooshie/swipe-shukatu/pkg/errors/errors.go:75.19,77.3 1 0
github.com/satorunooshie/swipe-shukatu/pkg/errors/errors.go:82.29,84.2 1 0
github.com/satorunooshie/swipe-shukatu/pkg/errors/errors.go:86.58,88.2 1 0
github.com/satorunooshie/swipe-shukatu/pkg/errors/errors.go:90.44,91.16 1 0
github.com/satorunooshie/swipe-shukatu/pkg/errors/errors.go:95.2,96.17 2 0
github.com/satorunooshie/swipe-shukatu/pkg/errors/errors.go:99.2,101.10 3 0
github.com/satorunooshie/swipe-shukatu/pkg/errors/errors.go:91.16,93.3 1 0
github.com/satorunooshie/swipe-shukatu/pkg/errors/errors.go:96.17,98.3 1 0
github.com/satorunooshie/swipe-shukatu/pkg/errors/errors.go:104.68,108.2 3 0
github.com/satorunooshie/swipe-shukatu/pkg/errors/errors.go:111.38,112.16 1 0
github.com/satorunooshie/swipe-shukatu/pkg/errors/errors.go:115.2,116.17 2 0
github.com/satorunooshie/swipe-shukatu/pkg/errors/errors.go:119.2,119.12 1 0
github.com/satorunooshie/swipe-shukatu/pkg/errors/errors.go:112.16,114.3 1 0
github.com/satorunooshie/swipe-shukatu/pkg/errors/errors.go:116.17,118.3 1 0
github.com/satorunooshie/swipe-shukatu/pkg/errors/errors.go:122.45,124.2 1 0
github.com/satorunooshie/swipe-shukatu/pkg/errors/errors.go:126.33,131.2 4 0
github.com/satorunooshie/swipe-shukatu/pkg/interfaces/middleware/auth.go:15.51,16.54 1 1
github.com/satorunooshie/swipe-shukatu/pkg/interfaces/middleware/auth.go:16.54,21.17 3 1
github.com/satorunooshie/swipe-shukatu/pkg/interfaces/middleware/auth.go:24.3,25.17 2 1
github.com/satorunooshie/swipe-shukatu/pkg/interfaces/middleware/auth.go:30.3,31.17 2 1
github.com/satorunooshie/swipe-shukatu/pkg/interfaces/middleware/auth.go:37.3,41.17 4 1
github.com/satorunooshie/swipe-shukatu/pkg/interfaces/middleware/auth.go:47.3,49.40 3 0
github.com/satorunooshie/swipe-shukatu/pkg/interfaces/middleware/auth.go:21.17,23.4 1 1
github.com/satorunooshie/swipe-shukatu/pkg/interfaces/middleware/auth.go:25.17,29.4 3 0
github.com/satorunooshie/swipe-shukatu/pkg/interfaces/middleware/auth.go:31.17,35.4 3 0
github.com/satorunooshie/swipe-shukatu/pkg/interfaces/middleware/auth.go:41.17,46.4 3 1
github.com/satorunooshie/swipe-shukatu/pkg/interfaces/middleware/cors.go:8.49,10.2 1 0
github.com/satorunooshie/swipe-shukatu/pkg/interfaces/middleware/cors.go:13.50,15.2 1 0
github.com/satorunooshie/swipe-shukatu/pkg/interfaces/middleware/cors.go:18.49,20.2 1 0
github.com/satorunooshie/swipe-shukatu/pkg/interfaces/middleware/cors.go:23.52,25.2 1 0
github.com/satorunooshie/swipe-shukatu/pkg/interfaces/middleware/cors.go:27.71,28.54 1 0
github.com/satorunooshie/swipe-shukatu/pkg/interfaces/middleware/cors.go:28.54,32.37 4 0
github.com/satorunooshie/swipe-shukatu/pkg/interfaces/middleware/cors.go:35.3,35.25 1 0
github.com/satorunooshie/swipe-shukatu/pkg/interfaces/middleware/cors.go:42.3,43.12 2 0
github.com/satorunooshie/swipe-shukatu/pkg/interfaces/middleware/cors.go:32.37,34.4 1 0
github.com/satorunooshie/swipe-shukatu/pkg/interfaces/middleware/cors.go:35.25,37.67 2 0
github.com/satorunooshie/swipe-shukatu/pkg/interfaces/middleware/cors.go:40.4,40.10 1 0
github.com/satorunooshie/swipe-shukatu/pkg/interfaces/middleware/cors.go:37.67,39.5 1 0
github.com/satorunooshie/swipe-shukatu/pkg/interfaces/middleware/dcontext.go:13.65,15.2 1 0
github.com/satorunooshie/swipe-shukatu/pkg/interfaces/middleware/dcontext.go:18.58,19.27 1 0
github.com/satorunooshie/swipe-shukatu/pkg/interfaces/middleware/dcontext.go:22.2,22.12 1 0
github.com/satorunooshie/swipe-shukatu/pkg/interfaces/middleware/dcontext.go:19.27,21.3 1 0
